<?xml version="1.0" encoding="UTF-8"?>
<testsuite name="org.autotest.RegressionTest2" tests="50" skipped="0" failures="0" errors="0" timestamp="2023-08-29T01:22:10" hostname="NOTEBOOKPATO" time="0.02">
  <properties/>
  <testcase name="test101()" classname="org.autotest.RegressionTest2" time="0.001"/>
  <testcase name="test102()" classname="org.autotest.RegressionTest2" time="0.0"/>
  <testcase name="test103()" classname="org.autotest.RegressionTest2" time="0.0"/>
  <testcase name="test104()" classname="org.autotest.RegressionTest2" time="0.0"/>
  <testcase name="test105()" classname="org.autotest.RegressionTest2" time="0.0"/>
  <testcase name="test106()" classname="org.autotest.RegressionTest2" time="0.0"/>
  <testcase name="test107()" classname="org.autotest.RegressionTest2" time="0.0"/>
  <testcase name="test108()" classname="org.autotest.RegressionTest2" time="0.0"/>
  <testcase name="test109()" classname="org.autotest.RegressionTest2" time="0.0"/>
  <testcase name="test110()" classname="org.autotest.RegressionTest2" time="0.001"/>
  <testcase name="test111()" classname="org.autotest.RegressionTest2" time="0.0"/>
  <testcase name="test112()" classname="org.autotest.RegressionTest2" time="0.0"/>
  <testcase name="test113()" classname="org.autotest.RegressionTest2" time="0.001"/>
  <testcase name="test114()" classname="org.autotest.RegressionTest2" time="0.0"/>
  <testcase name="test115()" classname="org.autotest.RegressionTest2" time="0.0"/>
  <testcase name="test116()" classname="org.autotest.RegressionTest2" time="0.001"/>
  <testcase name="test117()" classname="org.autotest.RegressionTest2" time="0.0"/>
  <testcase name="test118()" classname="org.autotest.RegressionTest2" time="0.0"/>
  <testcase name="test119()" classname="org.autotest.RegressionTest2" time="0.0"/>
  <testcase name="test120()" classname="org.autotest.RegressionTest2" time="0.0"/>
  <testcase name="test121()" classname="org.autotest.RegressionTest2" time="0.0"/>
  <testcase name="test122()" classname="org.autotest.RegressionTest2" time="0.001"/>
  <testcase name="test123()" classname="org.autotest.RegressionTest2" time="0.001"/>
  <testcase name="test124()" classname="org.autotest.RegressionTest2" time="0.0"/>
  <testcase name="test125()" classname="org.autotest.RegressionTest2" time="0.001"/>
  <testcase name="test126()" classname="org.autotest.RegressionTest2" time="0.0"/>
  <testcase name="test127()" classname="org.autotest.RegressionTest2" time="0.0"/>
  <testcase name="test128()" classname="org.autotest.RegressionTest2" time="0.0"/>
  <testcase name="test129()" classname="org.autotest.RegressionTest2" time="0.0"/>
  <testcase name="test130()" classname="org.autotest.RegressionTest2" time="0.001"/>
  <testcase name="test131()" classname="org.autotest.RegressionTest2" time="0.0"/>
  <testcase name="test132()" classname="org.autotest.RegressionTest2" time="0.0"/>
  <testcase name="test133()" classname="org.autotest.RegressionTest2" time="0.001"/>
  <testcase name="test134()" classname="org.autotest.RegressionTest2" time="0.0"/>
  <testcase name="test135()" classname="org.autotest.RegressionTest2" time="0.0"/>
  <testcase name="test136()" classname="org.autotest.RegressionTest2" time="0.001"/>
  <testcase name="test137()" classname="org.autotest.RegressionTest2" time="0.0"/>
  <testcase name="test138()" classname="org.autotest.RegressionTest2" time="0.0"/>
  <testcase name="test139()" classname="org.autotest.RegressionTest2" time="0.001"/>
  <testcase name="test140()" classname="org.autotest.RegressionTest2" time="0.0"/>
  <testcase name="test141()" classname="org.autotest.RegressionTest2" time="0.0"/>
  <testcase name="test142()" classname="org.autotest.RegressionTest2" time="0.0"/>
  <testcase name="test143()" classname="org.autotest.RegressionTest2" time="0.0"/>
  <testcase name="test144()" classname="org.autotest.RegressionTest2" time="0.0"/>
  <testcase name="test145()" classname="org.autotest.RegressionTest2" time="0.0"/>
  <testcase name="test146()" classname="org.autotest.RegressionTest2" time="0.0"/>
  <testcase name="test147()" classname="org.autotest.RegressionTest2" time="0.001"/>
  <testcase name="test148()" classname="org.autotest.RegressionTest2" time="0.0"/>
  <testcase name="test149()" classname="org.autotest.RegressionTest2" time="0.0"/>
  <testcase name="test150()" classname="org.autotest.RegressionTest2" time="0.0"/>
  <system-out><![CDATA[]]></system-out>
  <system-err><![CDATA[]]></system-err>
</testsuite>
