<?xml version="1.0" encoding="UTF-8"?>
<testsuite name="org.autotest.RegressionTest6" tests="50" skipped="0" failures="0" errors="0" timestamp="2023-08-29T01:22:10" hostname="NOTEBOOKPATO" time="0.015">
  <properties/>
  <testcase name="test301()" classname="org.autotest.RegressionTest6" time="0.0"/>
  <testcase name="test302()" classname="org.autotest.RegressionTest6" time="0.0"/>
  <testcase name="test303()" classname="org.autotest.RegressionTest6" time="0.0"/>
  <testcase name="test304()" classname="org.autotest.RegressionTest6" time="0.0"/>
  <testcase name="test305()" classname="org.autotest.RegressionTest6" time="0.001"/>
  <testcase name="test306()" classname="org.autotest.RegressionTest6" time="0.0"/>
  <testcase name="test307()" classname="org.autotest.RegressionTest6" time="0.0"/>
  <testcase name="test308()" classname="org.autotest.RegressionTest6" time="0.0"/>
  <testcase name="test309()" classname="org.autotest.RegressionTest6" time="0.001"/>
  <testcase name="test310()" classname="org.autotest.RegressionTest6" time="0.0"/>
  <testcase name="test311()" classname="org.autotest.RegressionTest6" time="0.001"/>
  <testcase name="test312()" classname="org.autotest.RegressionTest6" time="0.0"/>
  <testcase name="test313()" classname="org.autotest.RegressionTest6" time="0.001"/>
  <testcase name="test314()" classname="org.autotest.RegressionTest6" time="0.0"/>
  <testcase name="test315()" classname="org.autotest.RegressionTest6" time="0.001"/>
  <testcase name="test316()" classname="org.autotest.RegressionTest6" time="0.001"/>
  <testcase name="test317()" classname="org.autotest.RegressionTest6" time="0.0"/>
  <testcase name="test318()" classname="org.autotest.RegressionTest6" time="0.0"/>
  <testcase name="test319()" classname="org.autotest.RegressionTest6" time="0.0"/>
  <testcase name="test320()" classname="org.autotest.RegressionTest6" time="0.001"/>
  <testcase name="test321()" classname="org.autotest.RegressionTest6" time="0.0"/>
  <testcase name="test322()" classname="org.autotest.RegressionTest6" time="0.0"/>
  <testcase name="test323()" classname="org.autotest.RegressionTest6" time="0.001"/>
  <testcase name="test324()" classname="org.autotest.RegressionTest6" time="0.0"/>
  <testcase name="test325()" classname="org.autotest.RegressionTest6" time="0.0"/>
  <testcase name="test326()" classname="org.autotest.RegressionTest6" time="0.0"/>
  <testcase name="test327()" classname="org.autotest.RegressionTest6" time="0.001"/>
  <testcase name="test328()" classname="org.autotest.RegressionTest6" time="0.0"/>
  <testcase name="test329()" classname="org.autotest.RegressionTest6" time="0.0"/>
  <testcase name="test330()" classname="org.autotest.RegressionTest6" time="0.0"/>
  <testcase name="test331()" classname="org.autotest.RegressionTest6" time="0.0"/>
  <testcase name="test332()" classname="org.autotest.RegressionTest6" time="0.0"/>
  <testcase name="test333()" classname="org.autotest.RegressionTest6" time="0.0"/>
  <testcase name="test334()" classname="org.autotest.RegressionTest6" time="0.0"/>
  <testcase name="test335()" classname="org.autotest.RegressionTest6" time="0.0"/>
  <testcase name="test336()" classname="org.autotest.RegressionTest6" time="0.001"/>
  <testcase name="test337()" classname="org.autotest.RegressionTest6" time="0.0"/>
  <testcase name="test338()" classname="org.autotest.RegressionTest6" time="0.0"/>
  <testcase name="test339()" classname="org.autotest.RegressionTest6" time="0.0"/>
  <testcase name="test340()" classname="org.autotest.RegressionTest6" time="0.001"/>
  <testcase name="test341()" classname="org.autotest.RegressionTest6" time="0.0"/>
  <testcase name="test342()" classname="org.autotest.RegressionTest6" time="0.0"/>
  <testcase name="test343()" classname="org.autotest.RegressionTest6" time="0.0"/>
  <testcase name="test344()" classname="org.autotest.RegressionTest6" time="0.0"/>
  <testcase name="test345()" classname="org.autotest.RegressionTest6" time="0.0"/>
  <testcase name="test346()" classname="org.autotest.RegressionTest6" time="0.0"/>
  <testcase name="test347()" classname="org.autotest.RegressionTest6" time="0.001"/>
  <testcase name="test348()" classname="org.autotest.RegressionTest6" time="0.0"/>
  <testcase name="test349()" classname="org.autotest.RegressionTest6" time="0.0"/>
  <testcase name="test350()" classname="org.autotest.RegressionTest6" time="0.0"/>
  <system-out><![CDATA[]]></system-out>
  <system-err><![CDATA[]]></system-err>
</testsuite>
