<?xml version="1.0" encoding="UTF-8"?>
<testsuite name="org.autotest.RegressionTest3" tests="50" skipped="0" failures="0" errors="0" timestamp="2023-09-05T02:07:19" hostname="NOTEBOOKPATO" time="0.032">
  <properties/>
  <testcase name="test151()" classname="org.autotest.RegressionTest3" time="0.001"/>
  <testcase name="test152()" classname="org.autotest.RegressionTest3" time="0.001"/>
  <testcase name="test153()" classname="org.autotest.RegressionTest3" time="0.001"/>
  <testcase name="test154()" classname="org.autotest.RegressionTest3" time="0.0"/>
  <testcase name="test155()" classname="org.autotest.RegressionTest3" time="0.0"/>
  <testcase name="test156()" classname="org.autotest.RegressionTest3" time="0.001"/>
  <testcase name="test157()" classname="org.autotest.RegressionTest3" time="0.001"/>
  <testcase name="test158()" classname="org.autotest.RegressionTest3" time="0.0"/>
  <testcase name="test159()" classname="org.autotest.RegressionTest3" time="0.001"/>
  <testcase name="test160()" classname="org.autotest.RegressionTest3" time="0.0"/>
  <testcase name="test161()" classname="org.autotest.RegressionTest3" time="0.0"/>
  <testcase name="test162()" classname="org.autotest.RegressionTest3" time="0.001"/>
  <testcase name="test163()" classname="org.autotest.RegressionTest3" time="0.0"/>
  <testcase name="test164()" classname="org.autotest.RegressionTest3" time="0.0"/>
  <testcase name="test165()" classname="org.autotest.RegressionTest3" time="0.0"/>
  <testcase name="test166()" classname="org.autotest.RegressionTest3" time="0.0"/>
  <testcase name="test167()" classname="org.autotest.RegressionTest3" time="0.0"/>
  <testcase name="test168()" classname="org.autotest.RegressionTest3" time="0.001"/>
  <testcase name="test169()" classname="org.autotest.RegressionTest3" time="0.001"/>
  <testcase name="test170()" classname="org.autotest.RegressionTest3" time="0.0"/>
  <testcase name="test171()" classname="org.autotest.RegressionTest3" time="0.001"/>
  <testcase name="test172()" classname="org.autotest.RegressionTest3" time="0.0"/>
  <testcase name="test173()" classname="org.autotest.RegressionTest3" time="0.0"/>
  <testcase name="test174()" classname="org.autotest.RegressionTest3" time="0.001"/>
  <testcase name="test175()" classname="org.autotest.RegressionTest3" time="0.001"/>
  <testcase name="test176()" classname="org.autotest.RegressionTest3" time="0.001"/>
  <testcase name="test177()" classname="org.autotest.RegressionTest3" time="0.0"/>
  <testcase name="test178()" classname="org.autotest.RegressionTest3" time="0.001"/>
  <testcase name="test179()" classname="org.autotest.RegressionTest3" time="0.0"/>
  <testcase name="test180()" classname="org.autotest.RegressionTest3" time="0.0"/>
  <testcase name="test181()" classname="org.autotest.RegressionTest3" time="0.001"/>
  <testcase name="test182()" classname="org.autotest.RegressionTest3" time="0.001"/>
  <testcase name="test183()" classname="org.autotest.RegressionTest3" time="0.001"/>
  <testcase name="test184()" classname="org.autotest.RegressionTest3" time="0.001"/>
  <testcase name="test185()" classname="org.autotest.RegressionTest3" time="0.0"/>
  <testcase name="test186()" classname="org.autotest.RegressionTest3" time="0.001"/>
  <testcase name="test187()" classname="org.autotest.RegressionTest3" time="0.0"/>
  <testcase name="test188()" classname="org.autotest.RegressionTest3" time="0.0"/>
  <testcase name="test189()" classname="org.autotest.RegressionTest3" time="0.0"/>
  <testcase name="test190()" classname="org.autotest.RegressionTest3" time="0.001"/>
  <testcase name="test191()" classname="org.autotest.RegressionTest3" time="0.0"/>
  <testcase name="test192()" classname="org.autotest.RegressionTest3" time="0.0"/>
  <testcase name="test193()" classname="org.autotest.RegressionTest3" time="0.0"/>
  <testcase name="test194()" classname="org.autotest.RegressionTest3" time="0.0"/>
  <testcase name="test195()" classname="org.autotest.RegressionTest3" time="0.0"/>
  <testcase name="test196()" classname="org.autotest.RegressionTest3" time="0.0"/>
  <testcase name="test197()" classname="org.autotest.RegressionTest3" time="0.001"/>
  <testcase name="test198()" classname="org.autotest.RegressionTest3" time="0.0"/>
  <testcase name="test199()" classname="org.autotest.RegressionTest3" time="0.0"/>
  <testcase name="test200()" classname="org.autotest.RegressionTest3" time="0.0"/>
  <system-out><![CDATA[]]></system-out>
  <system-err><![CDATA[]]></system-err>
</testsuite>
