<?xml version="1.0" encoding="UTF-8"?>
<testsuite name="org.autotest.RegressionTest0" tests="50" skipped="0" failures="0" errors="0" timestamp="2023-09-05T02:07:19" hostname="NOTEBOOKPATO" time="0.059">
  <properties/>
  <testcase name="test001()" classname="org.autotest.RegressionTest0" time="0.001"/>
  <testcase name="test002()" classname="org.autotest.RegressionTest0" time="0.001"/>
  <testcase name="test003()" classname="org.autotest.RegressionTest0" time="0.005"/>
  <testcase name="test004()" classname="org.autotest.RegressionTest0" time="0.001"/>
  <testcase name="test005()" classname="org.autotest.RegressionTest0" time="0.001"/>
  <testcase name="test006()" classname="org.autotest.RegressionTest0" time="0.001"/>
  <testcase name="test007()" classname="org.autotest.RegressionTest0" time="0.001"/>
  <testcase name="test008()" classname="org.autotest.RegressionTest0" time="0.001"/>
  <testcase name="test009()" classname="org.autotest.RegressionTest0" time="0.0"/>
  <testcase name="test010()" classname="org.autotest.RegressionTest0" time="0.001"/>
  <testcase name="test011()" classname="org.autotest.RegressionTest0" time="0.001"/>
  <testcase name="test012()" classname="org.autotest.RegressionTest0" time="0.001"/>
  <testcase name="test013()" classname="org.autotest.RegressionTest0" time="0.003"/>
  <testcase name="test014()" classname="org.autotest.RegressionTest0" time="0.001"/>
  <testcase name="test015()" classname="org.autotest.RegressionTest0" time="0.0"/>
  <testcase name="test016()" classname="org.autotest.RegressionTest0" time="0.001"/>
  <testcase name="test017()" classname="org.autotest.RegressionTest0" time="0.001"/>
  <testcase name="test018()" classname="org.autotest.RegressionTest0" time="0.0"/>
  <testcase name="test019()" classname="org.autotest.RegressionTest0" time="0.001"/>
  <testcase name="test020()" classname="org.autotest.RegressionTest0" time="0.001"/>
  <testcase name="test021()" classname="org.autotest.RegressionTest0" time="0.0"/>
  <testcase name="test022()" classname="org.autotest.RegressionTest0" time="0.0"/>
  <testcase name="test023()" classname="org.autotest.RegressionTest0" time="0.001"/>
  <testcase name="test024()" classname="org.autotest.RegressionTest0" time="0.001"/>
  <testcase name="test025()" classname="org.autotest.RegressionTest0" time="0.0"/>
  <testcase name="test026()" classname="org.autotest.RegressionTest0" time="0.0"/>
  <testcase name="test027()" classname="org.autotest.RegressionTest0" time="0.0"/>
  <testcase name="test028()" classname="org.autotest.RegressionTest0" time="0.001"/>
  <testcase name="test029()" classname="org.autotest.RegressionTest0" time="0.001"/>
  <testcase name="test030()" classname="org.autotest.RegressionTest0" time="0.001"/>
  <testcase name="test031()" classname="org.autotest.RegressionTest0" time="0.001"/>
  <testcase name="test032()" classname="org.autotest.RegressionTest0" time="0.001"/>
  <testcase name="test033()" classname="org.autotest.RegressionTest0" time="0.001"/>
  <testcase name="test034()" classname="org.autotest.RegressionTest0" time="0.001"/>
  <testcase name="test035()" classname="org.autotest.RegressionTest0" time="0.0"/>
  <testcase name="test036()" classname="org.autotest.RegressionTest0" time="0.001"/>
  <testcase name="test037()" classname="org.autotest.RegressionTest0" time="0.0"/>
  <testcase name="test038()" classname="org.autotest.RegressionTest0" time="0.0"/>
  <testcase name="test039()" classname="org.autotest.RegressionTest0" time="0.001"/>
  <testcase name="test040()" classname="org.autotest.RegressionTest0" time="0.001"/>
  <testcase name="test041()" classname="org.autotest.RegressionTest0" time="0.001"/>
  <testcase name="test042()" classname="org.autotest.RegressionTest0" time="0.001"/>
  <testcase name="test043()" classname="org.autotest.RegressionTest0" time="0.003"/>
  <testcase name="test044()" classname="org.autotest.RegressionTest0" time="0.001"/>
  <testcase name="test045()" classname="org.autotest.RegressionTest0" time="0.0"/>
  <testcase name="test046()" classname="org.autotest.RegressionTest0" time="0.001"/>
  <testcase name="test047()" classname="org.autotest.RegressionTest0" time="0.001"/>
  <testcase name="test048()" classname="org.autotest.RegressionTest0" time="0.001"/>
  <testcase name="test049()" classname="org.autotest.RegressionTest0" time="0.0"/>
  <testcase name="test050()" classname="org.autotest.RegressionTest0" time="0.001"/>
  <system-out><![CDATA[]]></system-out>
  <system-err><![CDATA[]]></system-err>
</testsuite>
