<?xml version="1.0" encoding="UTF-8"?>
<testsuite name="org.autotest.RegressionTest14" tests="7" skipped="0" failures="0" errors="0" timestamp="2023-09-05T02:07:19" hostname="NOTEBOOKPATO" time="0.004">
  <properties/>
  <testcase name="test701()" classname="org.autotest.RegressionTest14" time="0.001"/>
  <testcase name="test702()" classname="org.autotest.RegressionTest14" time="0.0"/>
  <testcase name="test703()" classname="org.autotest.RegressionTest14" time="0.001"/>
  <testcase name="test704()" classname="org.autotest.RegressionTest14" time="0.0"/>
  <testcase name="test705()" classname="org.autotest.RegressionTest14" time="0.001"/>
  <testcase name="test706()" classname="org.autotest.RegressionTest14" time="0.0"/>
  <testcase name="test707()" classname="org.autotest.RegressionTest14" time="0.001"/>
  <system-out><![CDATA[]]></system-out>
  <system-err><![CDATA[]]></system-err>
</testsuite>
