<?xml version="1.0" encoding="UTF-8"?>
<testsuite name="org.autotest.RegressionTest11" tests="50" skipped="0" failures="0" errors="0" timestamp="2023-09-05T02:07:19" hostname="NOTEBOOKPATO" time="0.047">
  <properties/>
  <testcase name="test551()" classname="org.autotest.RegressionTest11" time="0.0"/>
  <testcase name="test552()" classname="org.autotest.RegressionTest11" time="0.0"/>
  <testcase name="test553()" classname="org.autotest.RegressionTest11" time="0.0"/>
  <testcase name="test554()" classname="org.autotest.RegressionTest11" time="0.001"/>
  <testcase name="test555()" classname="org.autotest.RegressionTest11" time="0.001"/>
  <testcase name="test556()" classname="org.autotest.RegressionTest11" time="0.001"/>
  <testcase name="test557()" classname="org.autotest.RegressionTest11" time="0.001"/>
  <testcase name="test558()" classname="org.autotest.RegressionTest11" time="0.001"/>
  <testcase name="test559()" classname="org.autotest.RegressionTest11" time="0.0"/>
  <testcase name="test560()" classname="org.autotest.RegressionTest11" time="0.001"/>
  <testcase name="test561()" classname="org.autotest.RegressionTest11" time="0.0"/>
  <testcase name="test562()" classname="org.autotest.RegressionTest11" time="0.001"/>
  <testcase name="test563()" classname="org.autotest.RegressionTest11" time="0.0"/>
  <testcase name="test564()" classname="org.autotest.RegressionTest11" time="0.001"/>
  <testcase name="test565()" classname="org.autotest.RegressionTest11" time="0.0"/>
  <testcase name="test566()" classname="org.autotest.RegressionTest11" time="0.0"/>
  <testcase name="test567()" classname="org.autotest.RegressionTest11" time="0.001"/>
  <testcase name="test568()" classname="org.autotest.RegressionTest11" time="0.001"/>
  <testcase name="test569()" classname="org.autotest.RegressionTest11" time="0.001"/>
  <testcase name="test570()" classname="org.autotest.RegressionTest11" time="0.0"/>
  <testcase name="test571()" classname="org.autotest.RegressionTest11" time="0.001"/>
  <testcase name="test572()" classname="org.autotest.RegressionTest11" time="0.0"/>
  <testcase name="test573()" classname="org.autotest.RegressionTest11" time="0.0"/>
  <testcase name="test574()" classname="org.autotest.RegressionTest11" time="0.001"/>
  <testcase name="test575()" classname="org.autotest.RegressionTest11" time="0.0"/>
  <testcase name="test576()" classname="org.autotest.RegressionTest11" time="0.0"/>
  <testcase name="test577()" classname="org.autotest.RegressionTest11" time="0.001"/>
  <testcase name="test578()" classname="org.autotest.RegressionTest11" time="0.0"/>
  <testcase name="test579()" classname="org.autotest.RegressionTest11" time="0.0"/>
  <testcase name="test580()" classname="org.autotest.RegressionTest11" time="0.001"/>
  <testcase name="test581()" classname="org.autotest.RegressionTest11" time="0.0"/>
  <testcase name="test582()" classname="org.autotest.RegressionTest11" time="0.0"/>
  <testcase name="test583()" classname="org.autotest.RegressionTest11" time="0.0"/>
  <testcase name="test584()" classname="org.autotest.RegressionTest11" time="0.001"/>
  <testcase name="test585()" classname="org.autotest.RegressionTest11" time="0.0"/>
  <testcase name="test586()" classname="org.autotest.RegressionTest11" time="0.001"/>
  <testcase name="test587()" classname="org.autotest.RegressionTest11" time="0.001"/>
  <testcase name="test588()" classname="org.autotest.RegressionTest11" time="0.0"/>
  <testcase name="test589()" classname="org.autotest.RegressionTest11" time="0.001"/>
  <testcase name="test590()" classname="org.autotest.RegressionTest11" time="0.001"/>
  <testcase name="test591()" classname="org.autotest.RegressionTest11" time="0.001"/>
  <testcase name="test592()" classname="org.autotest.RegressionTest11" time="0.002"/>
  <testcase name="test593()" classname="org.autotest.RegressionTest11" time="0.001"/>
  <testcase name="test594()" classname="org.autotest.RegressionTest11" time="0.001"/>
  <testcase name="test595()" classname="org.autotest.RegressionTest11" time="0.001"/>
  <testcase name="test596()" classname="org.autotest.RegressionTest11" time="0.001"/>
  <testcase name="test597()" classname="org.autotest.RegressionTest11" time="0.001"/>
  <testcase name="test598()" classname="org.autotest.RegressionTest11" time="0.0"/>
  <testcase name="test599()" classname="org.autotest.RegressionTest11" time="0.0"/>
  <testcase name="test600()" classname="org.autotest.RegressionTest11" time="0.001"/>
  <system-out><![CDATA[]]></system-out>
  <system-err><![CDATA[]]></system-err>
</testsuite>
