<?xml version="1.0" encoding="UTF-8"?>
<testsuite name="org.autotest.RegressionTest9" tests="50" skipped="0" failures="0" errors="0" timestamp="2023-09-05T02:07:19" hostname="NOTEBOOKPATO" time="0.026">
  <properties/>
  <testcase name="test451()" classname="org.autotest.RegressionTest9" time="0.001"/>
  <testcase name="test452()" classname="org.autotest.RegressionTest9" time="0.0"/>
  <testcase name="test453()" classname="org.autotest.RegressionTest9" time="0.001"/>
  <testcase name="test454()" classname="org.autotest.RegressionTest9" time="0.0"/>
  <testcase name="test455()" classname="org.autotest.RegressionTest9" time="0.0"/>
  <testcase name="test456()" classname="org.autotest.RegressionTest9" time="0.001"/>
  <testcase name="test457()" classname="org.autotest.RegressionTest9" time="0.0"/>
  <testcase name="test458()" classname="org.autotest.RegressionTest9" time="0.0"/>
  <testcase name="test459()" classname="org.autotest.RegressionTest9" time="0.0"/>
  <testcase name="test460()" classname="org.autotest.RegressionTest9" time="0.0"/>
  <testcase name="test461()" classname="org.autotest.RegressionTest9" time="0.0"/>
  <testcase name="test462()" classname="org.autotest.RegressionTest9" time="0.001"/>
  <testcase name="test463()" classname="org.autotest.RegressionTest9" time="0.001"/>
  <testcase name="test464()" classname="org.autotest.RegressionTest9" time="0.001"/>
  <testcase name="test465()" classname="org.autotest.RegressionTest9" time="0.001"/>
  <testcase name="test466()" classname="org.autotest.RegressionTest9" time="0.001"/>
  <testcase name="test467()" classname="org.autotest.RegressionTest9" time="0.001"/>
  <testcase name="test468()" classname="org.autotest.RegressionTest9" time="0.0"/>
  <testcase name="test469()" classname="org.autotest.RegressionTest9" time="0.0"/>
  <testcase name="test470()" classname="org.autotest.RegressionTest9" time="0.0"/>
  <testcase name="test471()" classname="org.autotest.RegressionTest9" time="0.0"/>
  <testcase name="test472()" classname="org.autotest.RegressionTest9" time="0.0"/>
  <testcase name="test473()" classname="org.autotest.RegressionTest9" time="0.0"/>
  <testcase name="test474()" classname="org.autotest.RegressionTest9" time="0.0"/>
  <testcase name="test475()" classname="org.autotest.RegressionTest9" time="0.0"/>
  <testcase name="test476()" classname="org.autotest.RegressionTest9" time="0.001"/>
  <testcase name="test477()" classname="org.autotest.RegressionTest9" time="0.0"/>
  <testcase name="test478()" classname="org.autotest.RegressionTest9" time="0.0"/>
  <testcase name="test479()" classname="org.autotest.RegressionTest9" time="0.001"/>
  <testcase name="test480()" classname="org.autotest.RegressionTest9" time="0.0"/>
  <testcase name="test481()" classname="org.autotest.RegressionTest9" time="0.001"/>
  <testcase name="test482()" classname="org.autotest.RegressionTest9" time="0.0"/>
  <testcase name="test483()" classname="org.autotest.RegressionTest9" time="0.0"/>
  <testcase name="test484()" classname="org.autotest.RegressionTest9" time="0.0"/>
  <testcase name="test485()" classname="org.autotest.RegressionTest9" time="0.0"/>
  <testcase name="test486()" classname="org.autotest.RegressionTest9" time="0.0"/>
  <testcase name="test487()" classname="org.autotest.RegressionTest9" time="0.0"/>
  <testcase name="test488()" classname="org.autotest.RegressionTest9" time="0.001"/>
  <testcase name="test489()" classname="org.autotest.RegressionTest9" time="0.001"/>
  <testcase name="test490()" classname="org.autotest.RegressionTest9" time="0.001"/>
  <testcase name="test491()" classname="org.autotest.RegressionTest9" time="0.001"/>
  <testcase name="test492()" classname="org.autotest.RegressionTest9" time="0.001"/>
  <testcase name="test493()" classname="org.autotest.RegressionTest9" time="0.001"/>
  <testcase name="test494()" classname="org.autotest.RegressionTest9" time="0.0"/>
  <testcase name="test495()" classname="org.autotest.RegressionTest9" time="0.0"/>
  <testcase name="test496()" classname="org.autotest.RegressionTest9" time="0.001"/>
  <testcase name="test497()" classname="org.autotest.RegressionTest9" time="0.0"/>
  <testcase name="test498()" classname="org.autotest.RegressionTest9" time="0.001"/>
  <testcase name="test499()" classname="org.autotest.RegressionTest9" time="0.0"/>
  <testcase name="test500()" classname="org.autotest.RegressionTest9" time="0.0"/>
  <system-out><![CDATA[]]></system-out>
  <system-err><![CDATA[]]></system-err>
</testsuite>
