<?xml version="1.0" encoding="UTF-8"?>
<testsuite name="org.autotest.RegressionTest7" tests="50" skipped="0" failures="0" errors="0" timestamp="2023-09-05T02:07:19" hostname="NOTEBOOKPATO" time="0.027">
  <properties/>
  <testcase name="test351()" classname="org.autotest.RegressionTest7" time="0.0"/>
  <testcase name="test352()" classname="org.autotest.RegressionTest7" time="0.001"/>
  <testcase name="test353()" classname="org.autotest.RegressionTest7" time="0.0"/>
  <testcase name="test354()" classname="org.autotest.RegressionTest7" time="0.001"/>
  <testcase name="test355()" classname="org.autotest.RegressionTest7" time="0.0"/>
  <testcase name="test356()" classname="org.autotest.RegressionTest7" time="0.0"/>
  <testcase name="test357()" classname="org.autotest.RegressionTest7" time="0.001"/>
  <testcase name="test358()" classname="org.autotest.RegressionTest7" time="0.0"/>
  <testcase name="test359()" classname="org.autotest.RegressionTest7" time="0.0"/>
  <testcase name="test360()" classname="org.autotest.RegressionTest7" time="0.0"/>
  <testcase name="test361()" classname="org.autotest.RegressionTest7" time="0.001"/>
  <testcase name="test362()" classname="org.autotest.RegressionTest7" time="0.0"/>
  <testcase name="test363()" classname="org.autotest.RegressionTest7" time="0.001"/>
  <testcase name="test364()" classname="org.autotest.RegressionTest7" time="0.0"/>
  <testcase name="test365()" classname="org.autotest.RegressionTest7" time="0.0"/>
  <testcase name="test366()" classname="org.autotest.RegressionTest7" time="0.001"/>
  <testcase name="test367()" classname="org.autotest.RegressionTest7" time="0.0"/>
  <testcase name="test368()" classname="org.autotest.RegressionTest7" time="0.001"/>
  <testcase name="test369()" classname="org.autotest.RegressionTest7" time="0.0"/>
  <testcase name="test370()" classname="org.autotest.RegressionTest7" time="0.0"/>
  <testcase name="test371()" classname="org.autotest.RegressionTest7" time="0.001"/>
  <testcase name="test372()" classname="org.autotest.RegressionTest7" time="0.0"/>
  <testcase name="test373()" classname="org.autotest.RegressionTest7" time="0.0"/>
  <testcase name="test374()" classname="org.autotest.RegressionTest7" time="0.0"/>
  <testcase name="test375()" classname="org.autotest.RegressionTest7" time="0.001"/>
  <testcase name="test376()" classname="org.autotest.RegressionTest7" time="0.0"/>
  <testcase name="test377()" classname="org.autotest.RegressionTest7" time="0.0"/>
  <testcase name="test378()" classname="org.autotest.RegressionTest7" time="0.0"/>
  <testcase name="test379()" classname="org.autotest.RegressionTest7" time="0.001"/>
  <testcase name="test380()" classname="org.autotest.RegressionTest7" time="0.0"/>
  <testcase name="test381()" classname="org.autotest.RegressionTest7" time="0.0"/>
  <testcase name="test382()" classname="org.autotest.RegressionTest7" time="0.001"/>
  <testcase name="test383()" classname="org.autotest.RegressionTest7" time="0.0"/>
  <testcase name="test384()" classname="org.autotest.RegressionTest7" time="0.0"/>
  <testcase name="test385()" classname="org.autotest.RegressionTest7" time="0.0"/>
  <testcase name="test386()" classname="org.autotest.RegressionTest7" time="0.0"/>
  <testcase name="test387()" classname="org.autotest.RegressionTest7" time="0.0"/>
  <testcase name="test388()" classname="org.autotest.RegressionTest7" time="0.001"/>
  <testcase name="test389()" classname="org.autotest.RegressionTest7" time="0.0"/>
  <testcase name="test390()" classname="org.autotest.RegressionTest7" time="0.002"/>
  <testcase name="test391()" classname="org.autotest.RegressionTest7" time="0.0"/>
  <testcase name="test392()" classname="org.autotest.RegressionTest7" time="0.0"/>
  <testcase name="test393()" classname="org.autotest.RegressionTest7" time="0.001"/>
  <testcase name="test394()" classname="org.autotest.RegressionTest7" time="0.001"/>
  <testcase name="test395()" classname="org.autotest.RegressionTest7" time="0.001"/>
  <testcase name="test396()" classname="org.autotest.RegressionTest7" time="0.001"/>
  <testcase name="test397()" classname="org.autotest.RegressionTest7" time="0.0"/>
  <testcase name="test398()" classname="org.autotest.RegressionTest7" time="0.0"/>
  <testcase name="test399()" classname="org.autotest.RegressionTest7" time="0.001"/>
  <testcase name="test400()" classname="org.autotest.RegressionTest7" time="0.001"/>
  <system-out><![CDATA[]]></system-out>
  <system-err><![CDATA[]]></system-err>
</testsuite>
