<?xml version="1.0" encoding="UTF-8"?>
<testsuite name="org.autotest.RegressionTest8" tests="50" skipped="0" failures="0" errors="0" timestamp="2023-09-05T02:07:19" hostname="NOTEBOOKPATO" time="0.031">
  <properties/>
  <testcase name="test401()" classname="org.autotest.RegressionTest8" time="0.001"/>
  <testcase name="test402()" classname="org.autotest.RegressionTest8" time="0.001"/>
  <testcase name="test403()" classname="org.autotest.RegressionTest8" time="0.001"/>
  <testcase name="test404()" classname="org.autotest.RegressionTest8" time="0.0"/>
  <testcase name="test405()" classname="org.autotest.RegressionTest8" time="0.0"/>
  <testcase name="test406()" classname="org.autotest.RegressionTest8" time="0.001"/>
  <testcase name="test407()" classname="org.autotest.RegressionTest8" time="0.001"/>
  <testcase name="test408()" classname="org.autotest.RegressionTest8" time="0.001"/>
  <testcase name="test409()" classname="org.autotest.RegressionTest8" time="0.0"/>
  <testcase name="test410()" classname="org.autotest.RegressionTest8" time="0.001"/>
  <testcase name="test411()" classname="org.autotest.RegressionTest8" time="0.0"/>
  <testcase name="test412()" classname="org.autotest.RegressionTest8" time="0.0"/>
  <testcase name="test413()" classname="org.autotest.RegressionTest8" time="0.001"/>
  <testcase name="test414()" classname="org.autotest.RegressionTest8" time="0.0"/>
  <testcase name="test415()" classname="org.autotest.RegressionTest8" time="0.001"/>
  <testcase name="test416()" classname="org.autotest.RegressionTest8" time="0.0"/>
  <testcase name="test417()" classname="org.autotest.RegressionTest8" time="0.001"/>
  <testcase name="test418()" classname="org.autotest.RegressionTest8" time="0.0"/>
  <testcase name="test419()" classname="org.autotest.RegressionTest8" time="0.001"/>
  <testcase name="test420()" classname="org.autotest.RegressionTest8" time="0.001"/>
  <testcase name="test421()" classname="org.autotest.RegressionTest8" time="0.0"/>
  <testcase name="test422()" classname="org.autotest.RegressionTest8" time="0.0"/>
  <testcase name="test423()" classname="org.autotest.RegressionTest8" time="0.0"/>
  <testcase name="test424()" classname="org.autotest.RegressionTest8" time="0.0"/>
  <testcase name="test425()" classname="org.autotest.RegressionTest8" time="0.001"/>
  <testcase name="test426()" classname="org.autotest.RegressionTest8" time="0.0"/>
  <testcase name="test427()" classname="org.autotest.RegressionTest8" time="0.001"/>
  <testcase name="test428()" classname="org.autotest.RegressionTest8" time="0.001"/>
  <testcase name="test429()" classname="org.autotest.RegressionTest8" time="0.0"/>
  <testcase name="test430()" classname="org.autotest.RegressionTest8" time="0.0"/>
  <testcase name="test431()" classname="org.autotest.RegressionTest8" time="0.0"/>
  <testcase name="test432()" classname="org.autotest.RegressionTest8" time="0.001"/>
  <testcase name="test433()" classname="org.autotest.RegressionTest8" time="0.001"/>
  <testcase name="test434()" classname="org.autotest.RegressionTest8" time="0.0"/>
  <testcase name="test435()" classname="org.autotest.RegressionTest8" time="0.001"/>
  <testcase name="test436()" classname="org.autotest.RegressionTest8" time="0.001"/>
  <testcase name="test437()" classname="org.autotest.RegressionTest8" time="0.0"/>
  <testcase name="test438()" classname="org.autotest.RegressionTest8" time="0.0"/>
  <testcase name="test439()" classname="org.autotest.RegressionTest8" time="0.0"/>
  <testcase name="test440()" classname="org.autotest.RegressionTest8" time="0.0"/>
  <testcase name="test441()" classname="org.autotest.RegressionTest8" time="0.001"/>
  <testcase name="test442()" classname="org.autotest.RegressionTest8" time="0.0"/>
  <testcase name="test443()" classname="org.autotest.RegressionTest8" time="0.0"/>
  <testcase name="test444()" classname="org.autotest.RegressionTest8" time="0.001"/>
  <testcase name="test445()" classname="org.autotest.RegressionTest8" time="0.0"/>
  <testcase name="test446()" classname="org.autotest.RegressionTest8" time="0.0"/>
  <testcase name="test447()" classname="org.autotest.RegressionTest8" time="0.001"/>
  <testcase name="test448()" classname="org.autotest.RegressionTest8" time="0.0"/>
  <testcase name="test449()" classname="org.autotest.RegressionTest8" time="0.001"/>
  <testcase name="test450()" classname="org.autotest.RegressionTest8" time="0.001"/>
  <system-out><![CDATA[]]></system-out>
  <system-err><![CDATA[]]></system-err>
</testsuite>
