<?xml version="1.0" encoding="UTF-8"?>
<testsuite name="org.autotest.RegressionTest4" tests="50" skipped="0" failures="0" errors="0" timestamp="2023-08-29T01:22:10" hostname="NOTEBOOKPATO" time="0.017">
  <properties/>
  <testcase name="test201()" classname="org.autotest.RegressionTest4" time="0.0"/>
  <testcase name="test202()" classname="org.autotest.RegressionTest4" time="0.001"/>
  <testcase name="test203()" classname="org.autotest.RegressionTest4" time="0.0"/>
  <testcase name="test204()" classname="org.autotest.RegressionTest4" time="0.0"/>
  <testcase name="test205()" classname="org.autotest.RegressionTest4" time="0.0"/>
  <testcase name="test206()" classname="org.autotest.RegressionTest4" time="0.0"/>
  <testcase name="test207()" classname="org.autotest.RegressionTest4" time="0.001"/>
  <testcase name="test208()" classname="org.autotest.RegressionTest4" time="0.0"/>
  <testcase name="test209()" classname="org.autotest.RegressionTest4" time="0.0"/>
  <testcase name="test210()" classname="org.autotest.RegressionTest4" time="0.0"/>
  <testcase name="test211()" classname="org.autotest.RegressionTest4" time="0.0"/>
  <testcase name="test212()" classname="org.autotest.RegressionTest4" time="0.001"/>
  <testcase name="test213()" classname="org.autotest.RegressionTest4" time="0.0"/>
  <testcase name="test214()" classname="org.autotest.RegressionTest4" time="0.0"/>
  <testcase name="test215()" classname="org.autotest.RegressionTest4" time="0.001"/>
  <testcase name="test216()" classname="org.autotest.RegressionTest4" time="0.0"/>
  <testcase name="test217()" classname="org.autotest.RegressionTest4" time="0.0"/>
  <testcase name="test218()" classname="org.autotest.RegressionTest4" time="0.001"/>
  <testcase name="test219()" classname="org.autotest.RegressionTest4" time="0.0"/>
  <testcase name="test220()" classname="org.autotest.RegressionTest4" time="0.001"/>
  <testcase name="test221()" classname="org.autotest.RegressionTest4" time="0.0"/>
  <testcase name="test222()" classname="org.autotest.RegressionTest4" time="0.0"/>
  <testcase name="test223()" classname="org.autotest.RegressionTest4" time="0.0"/>
  <testcase name="test224()" classname="org.autotest.RegressionTest4" time="0.0"/>
  <testcase name="test225()" classname="org.autotest.RegressionTest4" time="0.0"/>
  <testcase name="test226()" classname="org.autotest.RegressionTest4" time="0.0"/>
  <testcase name="test227()" classname="org.autotest.RegressionTest4" time="0.001"/>
  <testcase name="test228()" classname="org.autotest.RegressionTest4" time="0.0"/>
  <testcase name="test229()" classname="org.autotest.RegressionTest4" time="0.0"/>
  <testcase name="test230()" classname="org.autotest.RegressionTest4" time="0.0"/>
  <testcase name="test231()" classname="org.autotest.RegressionTest4" time="0.0"/>
  <testcase name="test232()" classname="org.autotest.RegressionTest4" time="0.0"/>
  <testcase name="test233()" classname="org.autotest.RegressionTest4" time="0.0"/>
  <testcase name="test234()" classname="org.autotest.RegressionTest4" time="0.0"/>
  <testcase name="test235()" classname="org.autotest.RegressionTest4" time="0.0"/>
  <testcase name="test236()" classname="org.autotest.RegressionTest4" time="0.0"/>
  <testcase name="test237()" classname="org.autotest.RegressionTest4" time="0.0"/>
  <testcase name="test238()" classname="org.autotest.RegressionTest4" time="0.0"/>
  <testcase name="test239()" classname="org.autotest.RegressionTest4" time="0.0"/>
  <testcase name="test240()" classname="org.autotest.RegressionTest4" time="0.0"/>
  <testcase name="test241()" classname="org.autotest.RegressionTest4" time="0.0"/>
  <testcase name="test242()" classname="org.autotest.RegressionTest4" time="0.0"/>
  <testcase name="test243()" classname="org.autotest.RegressionTest4" time="0.0"/>
  <testcase name="test244()" classname="org.autotest.RegressionTest4" time="0.0"/>
  <testcase name="test245()" classname="org.autotest.RegressionTest4" time="0.0"/>
  <testcase name="test246()" classname="org.autotest.RegressionTest4" time="0.0"/>
  <testcase name="test247()" classname="org.autotest.RegressionTest4" time="0.0"/>
  <testcase name="test248()" classname="org.autotest.RegressionTest4" time="0.0"/>
  <testcase name="test249()" classname="org.autotest.RegressionTest4" time="0.001"/>
  <testcase name="test250()" classname="org.autotest.RegressionTest4" time="0.0"/>
  <system-out><![CDATA[]]></system-out>
  <system-err><![CDATA[]]></system-err>
</testsuite>
