<?xml version="1.0" encoding="UTF-8"?>
<testsuite name="org.autotest.StackTests3" tests="1" skipped="0" failures="0" errors="0" timestamp="2023-09-18T01:45:33" hostname="erik-Inspiron-3505" time="0.442">
  <properties/>
  <testcase name="run()" classname="org.autotest.StackTests3" time="0.442"/>
  <system-out><![CDATA[-> Corriendo tests de StackTests3 para la clase: StackAr (Stack original)
-> Corriendo tests de StackTests3 para la clase: StackArMutated4418 (NegateConditionsMutator: Se reemplazó == por != en la línea 74.)
   [X] Falló el test testEqualsNull en la línea 64
-> Corriendo tests de StackTests3 para la clase: StackArMutated5308 (EmptyReturnsMutator: Se reemplazó b.toString() por "" en la línea 99.)
   [X] Falló el test testToStringMethod en la línea 55
-> Corriendo tests de StackTests3 para la clase: StackArMutated7804 (ConditionalsBoundaryMutator: Se reemplazó > por >= en la línea 91.)
   [X] Falló el test testToStringMethod en la línea 57
-> Corriendo tests de StackTests3 para la clase: StackArMutated9437 (OneConstantMutator: Se reemplazó 10 por 1 en la línea 7.)
   [X] Falló el test testEqualsDifferentReadIndexes en la línea 80
-> Corriendo tests de StackTests3 para la clase: StackArMutated7968 (FalseReturnsMutator: Se reemplazó true por false en la línea 73.)
   [X] Falló el test testSameStackIsEqual en la línea 69
-> Corriendo tests de StackTests3 para la clase: StackArMutated2831 (TrueConditionalsMutator: Se reemplazó getClass() != obj.getClass() por true en la línea 76.)
   [X] Falló el test testEmptyStackAreEqual en la línea 73
-> Corriendo tests de StackTests3 para la clase: StackArMutated598 (OneConstantMutator: Se reemplazó 0 por 1 en la línea 18.)
   [X] Falló el test testCapacity0IsValid en la línea 100
-> Corriendo tests de StackTests3 para la clase: StackArMutated5798 (NegateConditionsMutator: Se reemplazó > por <= en la línea 91.)
   [X] Falló el test testToStringMethod en la línea 57
-> Corriendo tests de StackTests3 para la clase: StackArMutated5476 (TrueConditionalsMutator: Se reemplazó obj == null por true en la línea 74.)
   [X] Falló el test testEmptyStackAreEqual en la línea 73
-> Corriendo tests de StackTests3 para la clase: StackArMutated3135 (TrueConditionalsMutator: Se reemplazó !java.util.Arrays.equals(elems, other.elems) por true en la línea 79.)
   [X] Falló el test testEmptyStackAreEqual en la línea 73
-> Corriendo tests de StackTests3 para la clase: StackArMutated6244 (FalseConditionalsMutator: Se reemplazó getClass() != obj.getClass() por false en la línea 76.)
   [X] Falló el test testDifferentTypesOfObjectsAreNotEqual en la línea 106
-> Corriendo tests de StackTests3 para la clase: StackArMutated1193 (FalseConditionalsMutator: Se reemplazó this == obj por false en la línea 72.)
-> Corriendo tests de StackTests3 para la clase: StackArMutated5032 (FalseReturnsMutator: Se reemplazó size() == 0 por false en la línea 29.)
   [X] Falló el test testIsEmptyMethod en la línea 37
-> Corriendo tests de StackTests3 para la clase: StackArMutated8022 (MinusOneConstantMutator: Se reemplazó 0 por -1 en la línea 18.)
   [X] Falló el test testConstructorWithNegativeCapacity en la línea 30
-> Corriendo tests de StackTests3 para la clase: StackArMutated7293 (FalseConditionalsMutator: Se reemplazó isFull() por false en la línea 37.)
   [X] Falló el test testPushToFullStackThrows en la línea 126
-> Corriendo tests de StackTests3 para la clase: StackArMutated5390 (ConditionalsBoundaryMutator: Se reemplazó <= por < en la línea 90.)
   [X] Falló el test testToStringMethod en la línea 57
-> Corriendo tests de StackTests3 para la clase: StackArMutated3817 (FalseReturnsMutator: Se reemplazó size() == elems.length por false en la línea 33.)
   [X] Falló el test testIsFullMethod en la línea 48
-> Corriendo tests de StackTests3 para la clase: StackArMutated5838 (EmptyReturnsMutator: Se reemplazó result por 0 en la línea 67.)
   [X] Falló el test testHashCodeDifferentStacks en la línea 116
-> Corriendo tests de StackTests3 para la clase: StackArMutated4428 (MathMutator: Se reemplazó + por - en la línea 66.)
   [X] Falló el test testHashCode en la línea 142
-> Corriendo tests de StackTests3 para la clase: StackArMutated181 (NegateConditionsMutator: Se reemplazó < por >= en la línea 18.)
   [X] Falló el test testSameStackIsEqual en la línea 68
-> Corriendo tests de StackTests3 para la clase: StackArMutated1758 (ZeroConstantMutator: Se reemplazó 31 por 0 en la línea 63.)
   [X] Falló el test testHashCodeDifferentStacks en la línea 116
-> Corriendo tests de StackTests3 para la clase: StackArMutated2840 (TrueReturnsMutator: Se reemplazó false por true en la línea 77.)
   [X] Falló el test testDifferentTypesOfObjectsAreNotEqual en la línea 106
-> Corriendo tests de StackTests3 para la clase: StackArMutated2367 (TrueConditionalsMutator: Se reemplazó isEmpty() por true en la línea 45.)
   [X] Falló el test testIsEmptyMethod en la línea 40
-> Corriendo tests de StackTests3 para la clase: StackArMutated2642 (OneConstantMutator: Se reemplazó 0 por 1 en la línea 91.)
   [X] Falló el test testToStringMethod en la línea 59
-> Corriendo tests de StackTests3 para la clase: StackArMutated1356 (EmptyReturnsMutator: Se reemplazó readIndex + 1 por 0 en la línea 25.)
   [X] Falló el test testIsEmptyMethod en la línea 39
-> Corriendo tests de StackTests3 para la clase: StackArMutated1874 (MinusOneConstantMutator: Se reemplazó 0 por -1 en la línea 91.)
   [X] Falló el test testToStringMethod en la línea 57
-> Corriendo tests de StackTests3 para la clase: StackArMutated1830 (TrueConditionalsMutator: Se reemplazó this == obj por true en la línea 72.)
   [X] Falló el test testEqualsNull en la línea 64
-> Corriendo tests de StackTests3 para la clase: StackArMutated3931 (ZeroConstantMutator: Se reemplazó 1 por 0 en la línea 11.)
   [X] Falló el test testIsEmptyMethod en la línea 37
-> Corriendo tests de StackTests3 para la clase: StackArMutated4794 (MinusOneConstantMutator: Se reemplazó 0 por -1 en la línea 90.)
   [X] Falló el test testToStringMethod en la línea 55
-> Corriendo tests de StackTests3 para la clase: StackArMutated6579 (ConditionalsBoundaryMutator: Se reemplazó < por <= en la línea 18.)
   [X] Falló el test testCapacity0IsValid en la línea 100
-> Corriendo tests de StackTests3 para la clase: StackArMutated1364 (OneConstantMutator: Se reemplazó 31 por 1 en la línea 63.)
   [X] Falló el test testHashCode en la línea 142
-> Corriendo tests de StackTests3 para la clase: StackArMutated1001 (ZeroConstantMutator: Se reemplazó 1 por 0 en la línea 64.)
   [X] Falló el test testHashCode en la línea 142
-> Corriendo tests de StackTests3 para la clase: StackArMutated189 (TrueReturnsMutator: Se reemplazó size() == 0 por true en la línea 29.)
   [X] Falló el test testIsEmptyMethod en la línea 39
-> Corriendo tests de StackTests3 para la clase: StackArMutated1167 (TrueReturnsMutator: Se reemplazó false por true en la línea 82.)
   [X] Falló el test testEqualsDifferentReadIndexes en la línea 85
-> Corriendo tests de StackTests3 para la clase: StackArMutated6654 (MathMutator: Se reemplazó + por - en la línea 25.)
   [X] Falló el test testIsEmptyMethod en la línea 37
-> Corriendo tests de StackTests3 para la clase: StackArMutated8310 (TrueReturnsMutator: Se reemplazó false por true en la línea 75.)
   [X] Falló el test testEqualsNull en la línea 64
-> Corriendo tests de StackTests3 para la clase: StackArMutated8077 (NullReturnsMutator: Se reemplazó rv por null en la línea 50.)
   [X] Falló el test testEqualsPopAndPushed en la línea 135
-> Corriendo tests de StackTests3 para la clase: StackArMutated3182 (FalseConditionalsMutator: Se reemplazó i > 0 por false en la línea 91.)
   [X] Falló el test testToStringMethod en la línea 59
-> Corriendo tests de StackTests3 para la clase: StackArMutated9692 (FalseConditionalsMutator: Se reemplazó obj == null por false en la línea 74.)
   [X] Falló el test testEqualsNull en la línea 64
-> Corriendo tests de StackTests3 para la clase: StackArMutated9773 (TrueConditionalsMutator: Se reemplazó capacity < 0 por true en la línea 18.)
   [X] Falló el test testSameStackIsEqual en la línea 68
-> Corriendo tests de StackTests3 para la clase: StackArMutated492 (NegateConditionsMutator: Se reemplazó == por != en la línea 29.)
   [X] Falló el test testIsEmptyMethod en la línea 37
-> Corriendo tests de StackTests3 para la clase: StackArMutated8959 (ZeroConstantMutator: Se reemplazó 1 por 0 en la línea 25.)
   [X] Falló el test testIsEmptyMethod en la línea 37
-> Corriendo tests de StackTests3 para la clase: StackArMutated1289 (OneConstantMutator: Se reemplazó 0 por 1 en la línea 29.)
   [X] Falló el test testIsEmptyMethod en la línea 37
-> Corriendo tests de StackTests3 para la clase: StackArMutated3984 (NegateConditionsMutator: Se reemplazó == por != en la línea 72.)
   [X] Falló el test testEqualsNull en la línea 64
-> Corriendo tests de StackTests3 para la clase: StackArMutated3624 (MinusOneConstantMutator: Se reemplazó 10 por -1 en la línea 7.)
   [X] Falló el test testSameStackIsEqual en la línea 68
-> Corriendo tests de StackTests3 para la clase: StackArMutated2981 (NegateConditionsMutator: Se reemplazó <= por > en la línea 90.)
   [X] Falló el test testToStringMethod en la línea 55
-> Corriendo tests de StackTests3 para la clase: StackArMutated6466 (TrueConditionalsMutator: Se reemplazó isEmpty() por true en la línea 54.)
   [X] Falló el test testIsEmptyMethod en la línea 40
-> Corriendo tests de StackTests3 para la clase: StackArMutated2068 (FalseConditionalsMutator: Se reemplazó readIndex != other.readIndex por false en la línea 81.)
   [X] Falló el test testEqualsDifferentReadIndexes en la línea 85
-> Corriendo tests de StackTests3 para la clase: StackArMutated2388 (FalseConditionalsMutator: Se reemplazó isEmpty() por false en la línea 54.)
   [X] Falló el test testCallTopOnEmptyStackThrowsIllegalStateException en la línea 120
-> Corriendo tests de StackTests3 para la clase: StackArMutated3592 (IncrementsMutator: Se reemplazó -- por ++ en la línea 49.)
   [X] Falló el test testIsEmptyMethod en la línea 41
-> Corriendo tests de StackTests3 para la clase: StackArMutated4285 (MathMutator: Se reemplazó * por / en la línea 66.)
   [X] Falló el test testHashCodeDifferentStacks en la línea 116
-> Corriendo tests de StackTests3 para la clase: StackArMutated6583 (OneConstantMutator: Se reemplazó 0 por 1 en la línea 90.)
   [X] Falló el test testToStringMethod en la línea 57
-> Corriendo tests de StackTests3 para la clase: StackArMutated5572 (FalseReturnsMutator: Se reemplazó true por false en la línea 83.)
   [X] Falló el test testEmptyStackAreEqual en la línea 73
-> Corriendo tests de StackTests3 para la clase: StackArMutated8242 (NegateConditionsMutator: Se reemplazó != por == en la línea 81.)
   [X] Falló el test testEmptyStackAreEqual en la línea 73
-> Corriendo tests de StackTests3 para la clase: StackArMutated7395 (NegateConditionsMutator: Se reemplazó != por == en la línea 76.)
   [X] Falló el test testEmptyStackAreEqual en la línea 73
-> Corriendo tests de StackTests3 para la clase: StackArMutated7351 (FalseConditionalsMutator: Se reemplazó !java.util.Arrays.equals(elems, other.elems) por false en la línea 79.)
   [X] Falló el test testEqualsDifferentElems en la línea 96
-> Corriendo tests de StackTests3 para la clase: StackArMutated7791 (MinusOneConstantMutator: Se reemplazó 31 por -1 en la línea 63.)
   [X] Falló el test testHashCode en la línea 142
-> Corriendo tests de StackTests3 para la clase: StackArMutated7072 (TrueConditionalsMutator: Se reemplazó i > 0 por true en la línea 91.)
   [X] Falló el test testToStringMethod en la línea 57
-> Corriendo tests de StackTests3 para la clase: StackArMutated338 (TrueReturnsMutator: Se reemplazó false por true en la línea 80.)
   [X] Falló el test testEqualsDifferentElems en la línea 96
-> Corriendo tests de StackTests3 para la clase: StackArMutated1337 (MathMutator: Se reemplazó * por / en la línea 65.)
-> Corriendo tests de StackTests3 para la clase: StackArMutated4329 (FalseConditionalsMutator: Se reemplazó isEmpty() por false en la línea 45.)
-> Corriendo tests de StackTests3 para la clase: StackArMutated5856 (TrueReturnsMutator: Se reemplazó size() == elems.length por true en la línea 33.)
   [X] Falló el test testIsEmptyMethod en la línea 38
-> Corriendo tests de StackTests3 para la clase: StackArMutated1257 (MinusOneConstantMutator: Se reemplazó 0 por -1 en la línea 29.)
   [X] Falló el test testIsEmptyMethod en la línea 37
-> Corriendo tests de StackTests3 para la clase: StackArMutated1930 (IncrementsMutator: Se reemplazó ++ por -- en la línea 40.)
   [X] Falló el test testIsEmptyMethod en la línea 38
-> Corriendo tests de StackTests3 para la clase: StackArMutated2231 (ZeroConstantMutator: Se reemplazó 10 por 0 en la línea 7.)
   [X] Falló el test testIsEmptyMethod en la línea 38
-> Corriendo tests de StackTests3 para la clase: StackArMutated7369 (NullReturnsMutator: Se reemplazó rv por null en la línea 58.)
   [X] Falló el test testEqualsPopAndPushed en la línea 135
-> Corriendo tests de StackTests3 para la clase: StackArMutated1189 (IncrementsMutator: Se reemplazó ++ por -- en la línea 90.)
   [X] Falló el test testToStringMethod en la línea 57
-> Corriendo tests de StackTests3 para la clase: StackArMutated5342 (NegateConditionsMutator: Se reemplazó == por != en la línea 33.)
   [X] Falló el test testIsEmptyMethod en la línea 38
-> Corriendo tests de StackTests3 para la clase: StackArMutated8456 (TrueConditionalsMutator: Se reemplazó isFull() por true en la línea 37.)
   [X] Falló el test testIsEmptyMethod en la línea 38
-> Corriendo tests de StackTests3 para la clase: StackArMutated6872 (FalseConditionalsMutator: Se reemplazó capacity < 0 por false en la línea 18.)
   [X] Falló el test testConstructorWithNegativeCapacity en la línea 30
-> Corriendo tests de StackTests3 para la clase: StackArMutated6350 (TrueConditionalsMutator: Se reemplazó readIndex != other.readIndex por true en la línea 81.)
   [X] Falló el test testEmptyStackAreEqual en la línea 73
-> Mutantes generados: 71
-> Mutantes eliminados: 68
    - StackArMutated1930 (IncrementsMutator: Se reemplazó ++ por -- en la línea 40.)
    - StackArMutated1257 (MinusOneConstantMutator: Se reemplazó 0 por -1 en la línea 29.)
    - StackArMutated5856 (TrueReturnsMutator: Se reemplazó size() == elems.length por true en la línea 33.)
    - StackArMutated3592 (IncrementsMutator: Se reemplazó -- por ++ en la línea 49.)
    - StackArMutated4285 (MathMutator: Se reemplazó * por / en la línea 66.)
    - StackArMutated5572 (FalseReturnsMutator: Se reemplazó true por false en la línea 83.)
    - StackArMutated2388 (FalseConditionalsMutator: Se reemplazó isEmpty() por false en la línea 54.)
    - StackArMutated2981 (NegateConditionsMutator: Se reemplazó <= por > en la línea 90.)
    - StackArMutated6466 (TrueConditionalsMutator: Se reemplazó isEmpty() por true en la línea 54.)
    - StackArMutated2068 (FalseConditionalsMutator: Se reemplazó readIndex != other.readIndex por false en la línea 81.)
    - StackArMutated6350 (TrueConditionalsMutator: Se reemplazó readIndex != other.readIndex por true en la línea 81.)
    - StackArMutated598 (OneConstantMutator: Se reemplazó 0 por 1 en la línea 18.)
    - StackArMutated3624 (MinusOneConstantMutator: Se reemplazó 10 por -1 en la línea 7.)
    - StackArMutated8959 (ZeroConstantMutator: Se reemplazó 1 por 0 en la línea 25.)
    - StackArMutated6654 (MathMutator: Se reemplazó + por - en la línea 25.)
    - StackArMutated6579 (ConditionalsBoundaryMutator: Se reemplazó < por <= en la línea 18.)
    - StackArMutated1167 (TrueReturnsMutator: Se reemplazó false por true en la línea 82.)
    - StackArMutated3984 (NegateConditionsMutator: Se reemplazó == por != en la línea 72.)
    - StackArMutated1289 (OneConstantMutator: Se reemplazó 0 por 1 en la línea 29.)
    - StackArMutated4794 (MinusOneConstantMutator: Se reemplazó 0 por -1 en la línea 90.)
    - StackArMutated1364 (OneConstantMutator: Se reemplazó 31 por 1 en la línea 63.)
    - StackArMutated1001 (ZeroConstantMutator: Se reemplazó 1 por 0 en la línea 64.)
    - StackArMutated7395 (NegateConditionsMutator: Se reemplazó != por == en la línea 76.)
    - StackArMutated7351 (FalseConditionalsMutator: Se reemplazó !java.util.Arrays.equals(elems, other.elems) por false en la línea 79.)
    - StackArMutated7791 (MinusOneConstantMutator: Se reemplazó 31 por -1 en la línea 63.)
    - StackArMutated9773 (TrueConditionalsMutator: Se reemplazó capacity < 0 por true en la línea 18.)
    - StackArMutated6583 (OneConstantMutator: Se reemplazó 0 por 1 en la línea 90.)
    - StackArMutated8242 (NegateConditionsMutator: Se reemplazó != por == en la línea 81.)
    - StackArMutated7072 (TrueConditionalsMutator: Se reemplazó i > 0 por true en la línea 91.)
    - StackArMutated9692 (FalseConditionalsMutator: Se reemplazó obj == null por false en la línea 74.)
    - StackArMutated5838 (EmptyReturnsMutator: Se reemplazó result por 0 en la línea 67.)
    - StackArMutated1356 (EmptyReturnsMutator: Se reemplazó readIndex + 1 por 0 en la línea 25.)
    - StackArMutated1874 (MinusOneConstantMutator: Se reemplazó 0 por -1 en la línea 91.)
    - StackArMutated1830 (TrueConditionalsMutator: Se reemplazó this == obj por true en la línea 72.)
    - StackArMutated3931 (ZeroConstantMutator: Se reemplazó 1 por 0 en la línea 11.)
    - StackArMutated1758 (ZeroConstantMutator: Se reemplazó 31 por 0 en la línea 63.)
    - StackArMutated4428 (MathMutator: Se reemplazó + por - en la línea 66.)
    - StackArMutated9437 (OneConstantMutator: Se reemplazó 10 por 1 en la línea 7.)
    - StackArMutated5798 (NegateConditionsMutator: Se reemplazó > por <= en la línea 91.)
    - StackArMutated6244 (FalseConditionalsMutator: Se reemplazó getClass() != obj.getClass() por false en la línea 76.)
    - StackArMutated2840 (TrueReturnsMutator: Se reemplazó false por true en la línea 77.)
    - StackArMutated2367 (TrueConditionalsMutator: Se reemplazó isEmpty() por true en la línea 45.)
    - StackArMutated2642 (OneConstantMutator: Se reemplazó 0 por 1 en la línea 91.)
    - StackArMutated3135 (TrueConditionalsMutator: Se reemplazó !java.util.Arrays.equals(elems, other.elems) por true en la línea 79.)
    - StackArMutated5476 (TrueConditionalsMutator: Se reemplazó obj == null por true en la línea 74.)
    - StackArMutated338 (TrueReturnsMutator: Se reemplazó false por true en la línea 80.)
    - StackArMutated8310 (TrueReturnsMutator: Se reemplazó false por true en la línea 75.)
    - StackArMutated8077 (NullReturnsMutator: Se reemplazó rv por null en la línea 50.)
    - StackArMutated492 (NegateConditionsMutator: Se reemplazó == por != en la línea 29.)
    - StackArMutated3182 (FalseConditionalsMutator: Se reemplazó i > 0 por false en la línea 91.)
    - StackArMutated3817 (FalseReturnsMutator: Se reemplazó size() == elems.length por false en la línea 33.)
    - StackArMutated4418 (NegateConditionsMutator: Se reemplazó == por != en la línea 74.)
    - StackArMutated2831 (TrueConditionalsMutator: Se reemplazó getClass() != obj.getClass() por true en la línea 76.)
    - StackArMutated7968 (FalseReturnsMutator: Se reemplazó true por false en la línea 73.)
    - StackArMutated5308 (EmptyReturnsMutator: Se reemplazó b.toString() por "" en la línea 99.)
    - StackArMutated7804 (ConditionalsBoundaryMutator: Se reemplazó > por >= en la línea 91.)
    - StackArMutated2231 (ZeroConstantMutator: Se reemplazó 10 por 0 en la línea 7.)
    - StackArMutated7369 (NullReturnsMutator: Se reemplazó rv por null en la línea 58.)
    - StackArMutated1189 (IncrementsMutator: Se reemplazó ++ por -- en la línea 90.)
    - StackArMutated8456 (TrueConditionalsMutator: Se reemplazó isFull() por true en la línea 37.)
    - StackArMutated5342 (NegateConditionsMutator: Se reemplazó == por != en la línea 33.)
    - StackArMutated6872 (FalseConditionalsMutator: Se reemplazó capacity < 0 por false en la línea 18.)
    - StackArMutated189 (TrueReturnsMutator: Se reemplazó size() == 0 por true en la línea 29.)
    - StackArMutated5032 (FalseReturnsMutator: Se reemplazó size() == 0 por false en la línea 29.)
    - StackArMutated8022 (MinusOneConstantMutator: Se reemplazó 0 por -1 en la línea 18.)
    - StackArMutated5390 (ConditionalsBoundaryMutator: Se reemplazó <= por < en la línea 90.)
    - StackArMutated7293 (FalseConditionalsMutator: Se reemplazó isFull() por false en la línea 37.)
    - StackArMutated181 (NegateConditionsMutator: Se reemplazó < por >= en la línea 18.)
-> Mutantes vivos: 3
    - StackArMutated1337 (MathMutator: Se reemplazó * por / en la línea 65.)
    - StackArMutated4329 (FalseConditionalsMutator: Se reemplazó isEmpty() por false en la línea 45.)
    - StackArMutated1193 (FalseConditionalsMutator: Se reemplazó this == obj por false en la línea 72.)
-> Mutation score: 95%
]]></system-out>
  <system-err><![CDATA[[Test worker] INFO org.reflections.Reflections - Reflections took 109 ms to scan 1 urls, producing 1 keys and 71 values
]]></system-err>
</testsuite>
