<?xml version="1.0" encoding="UTF-8"?>
<testsuite name="org.autotest.StackTests1" tests="1" skipped="0" failures="0" errors="0" timestamp="2023-08-28T18:40:52" hostname="erik-Inspiron-3505" time="0.462">
  <properties/>
  <testcase name="run()" classname="org.autotest.StackTests1" time="0.462"/>
  <system-out><![CDATA[-> Corriendo tests de StackTests1 para la clase: StackAr (Stack original)
-> Corriendo tests de StackTests1 para la clase: StackArMutated1748 (ZeroConstantMutator: Se reemplazó 1 por 0 en la línea 64.)
-> Corriendo tests de StackTests1 para la clase: StackArMutated1308 (ZeroConstantMutator: Se reemplazó 0 por 0 en la línea 29.)
-> Corriendo tests de StackTests1 para la clase: StackArMutated2958 (FalseConditionalsMutator: Se reemplazó !java.util.Arrays.equals(elems, other.elems) por false en la línea 79.)
-> Corriendo tests de StackTests1 para la clase: StackArMutated2519 (OneConstantMutator: Se reemplazó 0 por 1 en la línea 29.)
   [X] Falló el test testDefaultConstructor en la línea 20
-> Corriendo tests de StackTests1 para la clase: StackArMutated6955 (TrueReturnsMutator: Se reemplazó false por true en la línea 82.)
-> Corriendo tests de StackTests1 para la clase: StackArMutated6999 (TrueReturnsMutator: Se reemplazó false por true en la línea 80.)
-> Corriendo tests de StackTests1 para la clase: StackArMutated9704 (MathMutator: Se reemplazó + por - en la línea 66.)
-> Corriendo tests de StackTests1 para la clase: StackArMutated2320 (ConditionalsBoundaryMutator: Se reemplazó <= por < en la línea 90.)
-> Corriendo tests de StackTests1 para la clase: StackArMutated1154 (NegateConditionsMutator: Se reemplazó <= por > en la línea 90.)
-> Corriendo tests de StackTests1 para la clase: StackArMutated5234 (MinusOneConstantMutator: Se reemplazó 0 por -1 en la línea 18.)
   [X] Falló el test testConstructorWithNegativeCapacity en la línea 29
-> Corriendo tests de StackTests1 para la clase: StackArMutated6840 (FalseReturnsMutator: Se reemplazó false por false en la línea 75.)
-> Corriendo tests de StackTests1 para la clase: StackArMutated6289 (TrueReturnsMutator: Se reemplazó size() == elems.length por true en la línea 33.)
   [X] Falló el test testSizeIncreasesByOne en la línea 14
-> Corriendo tests de StackTests1 para la clase: StackArMutated3492 (MinusOneConstantMutator: Se reemplazó 31 por -1 en la línea 63.)
-> Corriendo tests de StackTests1 para la clase: StackArMutated6088 (NegateConditionsMutator: Se reemplazó > por <= en la línea 91.)
-> Corriendo tests de StackTests1 para la clase: StackArMutated8542 (NegateConditionsMutator: Se reemplazó == por != en la línea 29.)
   [X] Falló el test testDefaultConstructor en la línea 20
-> Corriendo tests de StackTests1 para la clase: StackArMutated9908 (NegateConditionsMutator: Se reemplazó == por != en la línea 33.)
   [X] Falló el test testSizeIncreasesByOne en la línea 14
-> Corriendo tests de StackTests1 para la clase: StackArMutated5231 (NegateConditionsMutator: Se reemplazó < por >= en la línea 18.)
   [X] Falló el test testSizeIncreasesByOne en la línea 12
-> Corriendo tests de StackTests1 para la clase: StackArMutated2083 (ZeroConstantMutator: Se reemplazó 0 por 0 en la línea 90.)
-> Corriendo tests de StackTests1 para la clase: StackArMutated634 (FalseReturnsMutator: Se reemplazó true por false en la línea 83.)
-> Corriendo tests de StackTests1 para la clase: StackArMutated9246 (FalseReturnsMutator: Se reemplazó size() == 0 por false en la línea 29.)
   [X] Falló el test testDefaultConstructor en la línea 20
-> Corriendo tests de StackTests1 para la clase: StackArMutated3616 (FalseReturnsMutator: Se reemplazó false por false en la línea 80.)
-> Corriendo tests de StackTests1 para la clase: StackArMutated1477 (FalseConditionalsMutator: Se reemplazó isFull() por false en la línea 37.)
-> Corriendo tests de StackTests1 para la clase: StackArMutated1511 (OneConstantMutator: Se reemplazó 0 por 1 en la línea 91.)
-> Corriendo tests de StackTests1 para la clase: StackArMutated6448 (MathMutator: Se reemplazó * por / en la línea 66.)
-> Corriendo tests de StackTests1 para la clase: StackArMutated3931 (TrueReturnsMutator: Se reemplazó false por true en la línea 77.)
-> Corriendo tests de StackTests1 para la clase: StackArMutated4943 (FalseConditionalsMutator: Se reemplazó getClass() != obj.getClass() por false en la línea 76.)
-> Corriendo tests de StackTests1 para la clase: StackArMutated6655 (OneConstantMutator: Se reemplazó 31 por 1 en la línea 63.)
-> Corriendo tests de StackTests1 para la clase: StackArMutated5203 (TrueConditionalsMutator: Se reemplazó obj == null por true en la línea 74.)
-> Corriendo tests de StackTests1 para la clase: StackArMutated5402 (NegateConditionsMutator: Se reemplazó != por == en la línea 81.)
-> Corriendo tests de StackTests1 para la clase: StackArMutated5003 (FalseConditionalsMutator: Se reemplazó i > 0 por false en la línea 91.)
-> Corriendo tests de StackTests1 para la clase: StackArMutated4753 (TrueReturnsMutator: Se reemplazó true por true en la línea 73.)
-> Corriendo tests de StackTests1 para la clase: StackArMutated2212 (OneConstantMutator: Se reemplazó 1 por 1 en la línea 64.)
-> Corriendo tests de StackTests1 para la clase: StackArMutated3300 (TrueReturnsMutator: Se reemplazó false por true en la línea 75.)
-> Corriendo tests de StackTests1 para la clase: StackArMutated1002 (MathMutator: Se reemplazó + por - en la línea 65.)
-> Corriendo tests de StackTests1 para la clase: StackArMutated4433 (OneConstantMutator: Se reemplazó 1 por 1 en la línea 11.)
-> Corriendo tests de StackTests1 para la clase: StackArMutated6970 (NegateConditionsMutator: Se reemplazó != por == en la línea 76.)
-> Corriendo tests de StackTests1 para la clase: StackArMutated2096 (ConditionalsBoundaryMutator: Se reemplazó > por >= en la línea 91.)
-> Corriendo tests de StackTests1 para la clase: StackArMutated5088 (MinusOneConstantMutator: Se reemplazó 0 por -1 en la línea 90.)
-> Corriendo tests de StackTests1 para la clase: StackArMutated5041 (NullReturnsMutator: Se reemplazó rv por null en la línea 50.)
-> Corriendo tests de StackTests1 para la clase: StackArMutated8396 (ZeroConstantMutator: Se reemplazó 1 por 0 en la línea 11.)
   [X] Falló el test testSizeIncreasesByOne en la línea 13
-> Corriendo tests de StackTests1 para la clase: StackArMutated989 (MathMutator: Se reemplazó * por / en la línea 65.)
-> Corriendo tests de StackTests1 para la clase: StackArMutated669 (TrueConditionalsMutator: Se reemplazó isFull() por true en la línea 37.)
   [X] Falló el test testSizeIncreasesByOne en la línea 14
-> Corriendo tests de StackTests1 para la clase: StackArMutated424 (OneConstantMutator: Se reemplazó 0 por 1 en la línea 18.)
-> Corriendo tests de StackTests1 para la clase: StackArMutated79 (ZeroConstantMutator: Se reemplazó 1 por 0 en la línea 25.)
   [X] Falló el test testSizeIncreasesByOne en la línea 13
-> Corriendo tests de StackTests1 para la clase: StackArMutated1409 (TrueReturnsMutator: Se reemplazó true por true en la línea 83.)
-> Corriendo tests de StackTests1 para la clase: StackArMutated2415 (NegateConditionsMutator: Se reemplazó == por != en la línea 72.)
-> Corriendo tests de StackTests1 para la clase: StackArMutated9773 (MinusOneConstantMutator: Se reemplazó 0 por -1 en la línea 29.)
   [X] Falló el test testDefaultConstructor en la línea 20
-> Corriendo tests de StackTests1 para la clase: StackArMutated3944 (MathMutator: Se reemplazó + por - en la línea 25.)
   [X] Falló el test testSizeIncreasesByOne en la línea 13
-> Corriendo tests de StackTests1 para la clase: StackArMutated293 (TrueConditionalsMutator: Se reemplazó capacity < 0 por true en la línea 18.)
   [X] Falló el test testSizeIncreasesByOne en la línea 12
-> Corriendo tests de StackTests1 para la clase: StackArMutated1723 (EmptyReturnsMutator: Se reemplazó result por 0 en la línea 67.)
-> Corriendo tests de StackTests1 para la clase: StackArMutated2814 (FalseConditionalsMutator: Se reemplazó isEmpty() por false en la línea 45.)
-> Corriendo tests de StackTests1 para la clase: StackArMutated9216 (FalseReturnsMutator: Se reemplazó false por false en la línea 77.)
-> Corriendo tests de StackTests1 para la clase: StackArMutated1289 (FalseReturnsMutator: Se reemplazó size() == elems.length por false en la línea 33.)
-> Corriendo tests de StackTests1 para la clase: StackArMutated5009 (NullReturnsMutator: Se reemplazó rv por null en la línea 58.)
-> Corriendo tests de StackTests1 para la clase: StackArMutated4831 (NegateConditionsMutator: Se reemplazó == por != en la línea 74.)
-> Corriendo tests de StackTests1 para la clase: StackArMutated1565 (ConditionalsBoundaryMutator: Se reemplazó < por <= en la línea 18.)
-> Corriendo tests de StackTests1 para la clase: StackArMutated7946 (MinusOneConstantMutator: Se reemplazó 10 por -1 en la línea 7.)
   [X] Falló el test testSizeIncreasesByOne en la línea 12
-> Corriendo tests de StackTests1 para la clase: StackArMutated3027 (ZeroConstantMutator: Se reemplazó 10 por 0 en la línea 7.)
   [X] Falló el test testSizeIncreasesByOne en la línea 14
-> Corriendo tests de StackTests1 para la clase: StackArMutated7703 (TrueConditionalsMutator: Se reemplazó readIndex != other.readIndex por true en la línea 81.)
-> Corriendo tests de StackTests1 para la clase: StackArMutated3595 (TrueConditionalsMutator: Se reemplazó isEmpty() por true en la línea 45.)
-> Corriendo tests de StackTests1 para la clase: StackArMutated4324 (EmptyReturnsMutator: Se reemplazó b.toString() por "" en la línea 99.)
-> Corriendo tests de StackTests1 para la clase: StackArMutated1177 (EmptyReturnsMutator: Se reemplazó readIndex + 1 por 0 en la línea 25.)
   [X] Falló el test testSizeIncreasesByOne en la línea 15
-> Corriendo tests de StackTests1 para la clase: StackArMutated3674 (FalseReturnsMutator: Se reemplazó true por false en la línea 73.)
-> Corriendo tests de StackTests1 para la clase: StackArMutated7597 (FalseConditionalsMutator: Se reemplazó capacity < 0 por false en la línea 18.)
   [X] Falló el test testConstructorWithNegativeCapacity en la línea 29
-> Corriendo tests de StackTests1 para la clase: StackArMutated175 (TrueConditionalsMutator: Se reemplazó i > 0 por true en la línea 91.)
-> Corriendo tests de StackTests1 para la clase: StackArMutated4088 (FalseConditionalsMutator: Se reemplazó this == obj por false en la línea 72.)
-> Corriendo tests de StackTests1 para la clase: StackArMutated7034 (FalseConditionalsMutator: Se reemplazó readIndex != other.readIndex por false en la línea 81.)
-> Corriendo tests de StackTests1 para la clase: StackArMutated5691 (ZeroConstantMutator: Se reemplazó 31 por 0 en la línea 63.)
-> Corriendo tests de StackTests1 para la clase: StackArMutated9544 (ZeroConstantMutator: Se reemplazó 0 por 0 en la línea 91.)
-> Corriendo tests de StackTests1 para la clase: StackArMutated9864 (FalseConditionalsMutator: Se reemplazó isEmpty() por false en la línea 54.)
-> Corriendo tests de StackTests1 para la clase: StackArMutated3638 (TrueReturnsMutator: Se reemplazó size() == 0 por true en la línea 29.)
-> Corriendo tests de StackTests1 para la clase: StackArMutated4723 (TrueConditionalsMutator: Se reemplazó getClass() != obj.getClass() por true en la línea 76.)
-> Corriendo tests de StackTests1 para la clase: StackArMutated3400 (OneConstantMutator: Se reemplazó 1 por 1 en la línea 25.)
-> Corriendo tests de StackTests1 para la clase: StackArMutated5861 (MinusOneConstantMutator: Se reemplazó 0 por -1 en la línea 91.)
-> Corriendo tests de StackTests1 para la clase: StackArMutated8853 (FalseReturnsMutator: Se reemplazó false por false en la línea 82.)
-> Corriendo tests de StackTests1 para la clase: StackArMutated123 (FalseConditionalsMutator: Se reemplazó obj == null por false en la línea 74.)
-> Corriendo tests de StackTests1 para la clase: StackArMutated3280 (TrueConditionalsMutator: Se reemplazó !java.util.Arrays.equals(elems, other.elems) por true en la línea 79.)
-> Corriendo tests de StackTests1 para la clase: StackArMutated8694 (TrueConditionalsMutator: Se reemplazó isEmpty() por true en la línea 54.)
-> Corriendo tests de StackTests1 para la clase: StackArMutated7086 (ZeroConstantMutator: Se reemplazó 0 por 0 en la línea 18.)
-> Corriendo tests de StackTests1 para la clase: StackArMutated967 (OneConstantMutator: Se reemplazó 0 por 1 en la línea 90.)
-> Corriendo tests de StackTests1 para la clase: StackArMutated97 (OneConstantMutator: Se reemplazó 10 por 1 en la línea 7.)
-> Mutantes generados: 81
-> Mutantes eliminados: 17
    - StackArMutated7597 (FalseConditionalsMutator: Se reemplazó capacity < 0 por false en la línea 18.)
    - StackArMutated1177 (EmptyReturnsMutator: Se reemplazó readIndex + 1 por 0 en la línea 25.)
    - StackArMutated3944 (MathMutator: Se reemplazó + por - en la línea 25.)
    - StackArMutated7946 (MinusOneConstantMutator: Se reemplazó 10 por -1 en la línea 7.)
    - StackArMutated3027 (ZeroConstantMutator: Se reemplazó 10 por 0 en la línea 7.)
    - StackArMutated9246 (FalseReturnsMutator: Se reemplazó size() == 0 por false en la línea 29.)
    - StackArMutated9773 (MinusOneConstantMutator: Se reemplazó 0 por -1 en la línea 29.)
    - StackArMutated5231 (NegateConditionsMutator: Se reemplazó < por >= en la línea 18.)
    - StackArMutated8542 (NegateConditionsMutator: Se reemplazó == por != en la línea 29.)
    - StackArMutated5234 (MinusOneConstantMutator: Se reemplazó 0 por -1 en la línea 18.)
    - StackArMutated6289 (TrueReturnsMutator: Se reemplazó size() == elems.length por true en la línea 33.)
    - StackArMutated8396 (ZeroConstantMutator: Se reemplazó 1 por 0 en la línea 11.)
    - StackArMutated293 (TrueConditionalsMutator: Se reemplazó capacity < 0 por true en la línea 18.)
    - StackArMutated79 (ZeroConstantMutator: Se reemplazó 1 por 0 en la línea 25.)
    - StackArMutated9908 (NegateConditionsMutator: Se reemplazó == por != en la línea 33.)
    - StackArMutated669 (TrueConditionalsMutator: Se reemplazó isFull() por true en la línea 37.)
    - StackArMutated2519 (OneConstantMutator: Se reemplazó 0 por 1 en la línea 29.)
-> Mutantes vivos: 64
    - StackArMutated4723 (TrueConditionalsMutator: Se reemplazó getClass() != obj.getClass() por true en la línea 76.)
    - StackArMutated3638 (TrueReturnsMutator: Se reemplazó size() == 0 por true en la línea 29.)
    - StackArMutated3595 (TrueConditionalsMutator: Se reemplazó isEmpty() por true en la línea 45.)
    - StackArMutated4324 (EmptyReturnsMutator: Se reemplazó b.toString() por "" en la línea 99.)
    - StackArMutated9216 (FalseReturnsMutator: Se reemplazó false por false en la línea 77.)
    - StackArMutated4088 (FalseConditionalsMutator: Se reemplazó this == obj por false en la línea 72.)
    - StackArMutated634 (FalseReturnsMutator: Se reemplazó true por false en la línea 83.)
    - StackArMutated3674 (FalseReturnsMutator: Se reemplazó true por false en la línea 73.)
    - StackArMutated8694 (TrueConditionalsMutator: Se reemplazó isEmpty() por true en la línea 54.)
    - StackArMutated7086 (ZeroConstantMutator: Se reemplazó 0 por 0 en la línea 18.)
    - StackArMutated3280 (TrueConditionalsMutator: Se reemplazó !java.util.Arrays.equals(elems, other.elems) por true en la línea 79.)
    - StackArMutated97 (OneConstantMutator: Se reemplazó 10 por 1 en la línea 7.)
    - StackArMutated2415 (NegateConditionsMutator: Se reemplazó == por != en la línea 72.)
    - StackArMutated1565 (ConditionalsBoundaryMutator: Se reemplazó < por <= en la línea 18.)
    - StackArMutated2814 (FalseConditionalsMutator: Se reemplazó isEmpty() por false en la línea 45.)
    - StackArMutated5009 (NullReturnsMutator: Se reemplazó rv por null en la línea 58.)
    - StackArMutated7703 (TrueConditionalsMutator: Se reemplazó readIndex != other.readIndex por true en la línea 81.)
    - StackArMutated1723 (EmptyReturnsMutator: Se reemplazó result por 0 en la línea 67.)
    - StackArMutated6655 (OneConstantMutator: Se reemplazó 31 por 1 en la línea 63.)
    - StackArMutated5203 (TrueConditionalsMutator: Se reemplazó obj == null por true en la línea 74.)
    - StackArMutated4433 (OneConstantMutator: Se reemplazó 1 por 1 en la línea 11.)
    - StackArMutated967 (OneConstantMutator: Se reemplazó 0 por 1 en la línea 90.)
    - StackArMutated5402 (NegateConditionsMutator: Se reemplazó != por == en la línea 81.)
    - StackArMutated4753 (TrueReturnsMutator: Se reemplazó true por true en la línea 73.)
    - StackArMutated2096 (ConditionalsBoundaryMutator: Se reemplazó > por >= en la línea 91.)
    - StackArMutated4831 (NegateConditionsMutator: Se reemplazó == por != en la línea 74.)
    - StackArMutated1002 (MathMutator: Se reemplazó + por - en la línea 65.)
    - StackArMutated6970 (NegateConditionsMutator: Se reemplazó != por == en la línea 76.)
    - StackArMutated5088 (MinusOneConstantMutator: Se reemplazó 0 por -1 en la línea 90.)
    - StackArMutated2212 (OneConstantMutator: Se reemplazó 1 por 1 en la línea 64.)
    - StackArMutated1289 (FalseReturnsMutator: Se reemplazó size() == elems.length por false en la línea 33.)
    - StackArMutated3300 (TrueReturnsMutator: Se reemplazó false por true en la línea 75.)
    - StackArMutated5003 (FalseConditionalsMutator: Se reemplazó i > 0 por false en la línea 91.)
    - StackArMutated123 (FalseConditionalsMutator: Se reemplazó obj == null por false en la línea 74.)
    - StackArMutated7034 (FalseConditionalsMutator: Se reemplazó readIndex != other.readIndex por false en la línea 81.)
    - StackArMutated5691 (ZeroConstantMutator: Se reemplazó 31 por 0 en la línea 63.)
    - StackArMutated1409 (TrueReturnsMutator: Se reemplazó true por true en la línea 83.)
    - StackArMutated1477 (FalseConditionalsMutator: Se reemplazó isFull() por false en la línea 37.)
    - StackArMutated3931 (TrueReturnsMutator: Se reemplazó false por true en la línea 77.)
    - StackArMutated1511 (OneConstantMutator: Se reemplazó 0 por 1 en la línea 91.)
    - StackArMutated4943 (FalseConditionalsMutator: Se reemplazó getClass() != obj.getClass() por false en la línea 76.)
    - StackArMutated3616 (FalseReturnsMutator: Se reemplazó false por false en la línea 80.)
    - StackArMutated6448 (MathMutator: Se reemplazó * por / en la línea 66.)
    - StackArMutated1154 (NegateConditionsMutator: Se reemplazó <= por > en la línea 90.)
    - StackArMutated6840 (FalseReturnsMutator: Se reemplazó false por false en la línea 75.)
    - StackArMutated2320 (ConditionalsBoundaryMutator: Se reemplazó <= por < en la línea 90.)
    - StackArMutated5041 (NullReturnsMutator: Se reemplazó rv por null en la línea 50.)
    - StackArMutated175 (TrueConditionalsMutator: Se reemplazó i > 0 por true en la línea 91.)
    - StackArMutated2958 (FalseConditionalsMutator: Se reemplazó !java.util.Arrays.equals(elems, other.elems) por false en la línea 79.)
    - StackArMutated1748 (ZeroConstantMutator: Se reemplazó 1 por 0 en la línea 64.)
    - StackArMutated1308 (ZeroConstantMutator: Se reemplazó 0 por 0 en la línea 29.)
    - StackArMutated6955 (TrueReturnsMutator: Se reemplazó false por true en la línea 82.)
    - StackArMutated6999 (TrueReturnsMutator: Se reemplazó false por true en la línea 80.)
    - StackArMutated9704 (MathMutator: Se reemplazó + por - en la línea 66.)
    - StackArMutated989 (MathMutator: Se reemplazó * por / en la línea 65.)
    - StackArMutated9864 (FalseConditionalsMutator: Se reemplazó isEmpty() por false en la línea 54.)
    - StackArMutated424 (OneConstantMutator: Se reemplazó 0 por 1 en la línea 18.)
    - StackArMutated3400 (OneConstantMutator: Se reemplazó 1 por 1 en la línea 25.)
    - StackArMutated8853 (FalseReturnsMutator: Se reemplazó false por false en la línea 82.)
    - StackArMutated9544 (ZeroConstantMutator: Se reemplazó 0 por 0 en la línea 91.)
    - StackArMutated5861 (MinusOneConstantMutator: Se reemplazó 0 por -1 en la línea 91.)
    - StackArMutated6088 (NegateConditionsMutator: Se reemplazó > por <= en la línea 91.)
    - StackArMutated3492 (MinusOneConstantMutator: Se reemplazó 31 por -1 en la línea 63.)
    - StackArMutated2083 (ZeroConstantMutator: Se reemplazó 0 por 0 en la línea 90.)
-> Mutation score: 20%
]]></system-out>
  <system-err><![CDATA[[Test worker] INFO org.reflections.Reflections - Reflections took 112 ms to scan 1 urls, producing 1 keys and 81 values
]]></system-err>
</testsuite>
