<?xml version="1.0" encoding="UTF-8"?>
<testsuite name="org.autotest.StackTests3" tests="1" skipped="0" failures="0" errors="0" timestamp="2023-08-17T21:00:43" hostname="NOTEBOOKPATO" time="0.014">
  <properties/>
  <testcase name="run()" classname="org.autotest.StackTests3" time="0.014"/>
  <system-out><![CDATA[-> Corriendo tests de StackTests3 para la clase: StackAr (Stack original)
-> Corriendo tests de StackTests3 para la clase: StackArMutated2991 (MinusOneConstantMutator: Se reemplazó 31 por -1 en la línea 63.)
-> Corriendo tests de StackTests3 para la clase: StackArMutated1144 (ConditionalsBoundaryMutator: Se reemplazó > por >= en la línea 91.)
-> Corriendo tests de StackTests3 para la clase: StackArMutated2211 (ConditionalsBoundaryMutator: Se reemplazó <= por < en la línea 90.)
-> Corriendo tests de StackTests3 para la clase: StackArMutated650 (MinusOneConstantMutator: Se reemplazó 0 por -1 en la línea 18.)
-> Corriendo tests de StackTests3 para la clase: StackArMutated7213 (MinusOneConstantMutator: Se reemplazó 10 por -1 en la línea 7.)
-> Corriendo tests de StackTests3 para la clase: StackArMutated1959 (ConditionalsBoundaryMutator: Se reemplazó < por <= en la línea 18.)
-> Corriendo tests de StackTests3 para la clase: StackArMutated3066 (MinusOneConstantMutator: Se reemplazó 0 por -1 en la línea 29.)
-> Corriendo tests de StackTests3 para la clase: StackArMutated9675 (EmptyReturnsMutator: Se reemplazó result por 0 en la línea 67.)
-> Corriendo tests de StackTests3 para la clase: StackArMutated1014 (MinusOneConstantMutator: Se reemplazó 0 por -1 en la línea 91.)
-> Corriendo tests de StackTests3 para la clase: StackArMutated668 (MinusOneConstantMutator: Se reemplazó 0 por -1 en la línea 90.)
-> Corriendo tests de StackTests3 para la clase: StackArMutated6946 (EmptyReturnsMutator: Se reemplazó readIndex + 1 por 0 en la línea 25.)
-> Corriendo tests de StackTests3 para la clase: StackArMutated3844 (EmptyReturnsMutator: Se reemplazó b.toString() por "" en la línea 99.)
-> Mutantes generados: 12
-> Mutantes eliminados: 0
-> Mutantes vivos: 12
    - StackArMutated650 (MinusOneConstantMutator: Se reemplazó 0 por -1 en la línea 18.)
    - StackArMutated3844 (EmptyReturnsMutator: Se reemplazó b.toString() por "" en la línea 99.)
    - StackArMutated6946 (EmptyReturnsMutator: Se reemplazó readIndex + 1 por 0 en la línea 25.)
    - StackArMutated3066 (MinusOneConstantMutator: Se reemplazó 0 por -1 en la línea 29.)
    - StackArMutated1959 (ConditionalsBoundaryMutator: Se reemplazó < por <= en la línea 18.)
    - StackArMutated1014 (MinusOneConstantMutator: Se reemplazó 0 por -1 en la línea 91.)
    - StackArMutated2211 (ConditionalsBoundaryMutator: Se reemplazó <= por < en la línea 90.)
    - StackArMutated9675 (EmptyReturnsMutator: Se reemplazó result por 0 en la línea 67.)
    - StackArMutated2991 (MinusOneConstantMutator: Se reemplazó 31 por -1 en la línea 63.)
    - StackArMutated1144 (ConditionalsBoundaryMutator: Se reemplazó > por >= en la línea 91.)
    - StackArMutated7213 (MinusOneConstantMutator: Se reemplazó 10 por -1 en la línea 7.)
    - StackArMutated668 (MinusOneConstantMutator: Se reemplazó 0 por -1 en la línea 90.)
-> Mutation score: 0%
]]></system-out>
  <system-err><![CDATA[[Test worker] INFO org.reflections.Reflections - Reflections took 8 ms to scan 1 urls, producing 1 keys and 12 values
]]></system-err>
</testsuite>
