<?xml version="1.0" encoding="UTF-8"?>
<testsuite name="org.autotest.StackTests3" tests="1" skipped="0" failures="0" errors="0" timestamp="2023-09-18T20:52:39" hostname="erik-Inspiron-3505" time="1.181">
  <properties/>
  <testcase name="run()" classname="org.autotest.StackTests3" time="1.181"/>
  <system-out><![CDATA[-> Corriendo tests de StackTests3 para la clase: StackAr (Stack original)
-> Corriendo tests de StackTests3 para la clase: StackArMutated9790 (OneConstantMutator: Se reemplazó 0 por 1 en la línea 29.)
   [X] Falló el test testIsEmptyMethod en la línea 37
-> Corriendo tests de StackTests3 para la clase: StackArMutated57 (FalseConditionalsMutator: Se reemplazó readIndex != other.readIndex por false en la línea 81.)
   [X] Falló el test testEqualsDifferentReadIndexes en la línea 85
-> Corriendo tests de StackTests3 para la clase: StackArMutated5706 (FalseConditionalsMutator: Se reemplazó isFull() por false en la línea 37.)
   [X] Falló el test testPushToFullStackThrows en la línea 126
-> Corriendo tests de StackTests3 para la clase: StackArMutated9356 (TrueConditionalsMutator: Se reemplazó !java.util.Arrays.equals(elems, other.elems) por true en la línea 79.)
   [X] Falló el test testEmptyStackAreEqual en la línea 73
-> Corriendo tests de StackTests3 para la clase: StackArMutated2638 (FalseReturnsMutator: Se reemplazó size() == 0 por false en la línea 29.)
   [X] Falló el test testIsEmptyMethod en la línea 37
-> Corriendo tests de StackTests3 para la clase: StackArMutated4936 (IncrementsMutator: Se reemplazó ++ por -- en la línea 90.)
   [X] Falló el test testToStringMethod en la línea 57
-> Corriendo tests de StackTests3 para la clase: StackArMutated3968 (MinusOneConstantMutator: Se reemplazó 0 por -1 en la línea 91.)
   [X] Falló el test testToStringMethod en la línea 57
-> Corriendo tests de StackTests3 para la clase: StackArMutated1388 (OneConstantMutator: Se reemplazó 0 por 1 en la línea 90.)
   [X] Falló el test testToStringMethod en la línea 57
-> Corriendo tests de StackTests3 para la clase: StackArMutated2874 (OneConstantMutator: Se reemplazó 31 por 1 en la línea 63.)
   [X] Falló el test testHashCode en la línea 142
-> Corriendo tests de StackTests3 para la clase: StackArMutated2358 (TrueConditionalsMutator: Se reemplazó i > 0 por true en la línea 91.)
   [X] Falló el test testToStringMethod en la línea 57
-> Corriendo tests de StackTests3 para la clase: StackArMutated4421 (EmptyReturnsMutator: Se reemplazó b.toString() por "" en la línea 99.)
   [X] Falló el test testToStringMethod en la línea 55
-> Corriendo tests de StackTests3 para la clase: StackArMutated3378 (ZeroConstantMutator: Se reemplazó 1 por 0 en la línea 25.)
   [X] Falló el test testIsEmptyMethod en la línea 37
-> Corriendo tests de StackTests3 para la clase: StackArMutated7696 (FalseConditionalsMutator: Se reemplazó getClass() != obj.getClass() por false en la línea 76.)
   [X] Falló el test testDifferentTypesOfObjectsAreNotEqual en la línea 106
-> Corriendo tests de StackTests3 para la clase: StackArMutated9908 (FalseConditionalsMutator: Se reemplazó isEmpty() por false en la línea 54.)
   [X] Falló el test testCallTopOnEmptyStackThrowsIllegalStateException en la línea 120
-> Corriendo tests de StackTests3 para la clase: StackArMutated5031 (ZeroConstantMutator: Se reemplazó 10 por 0 en la línea 7.)
   [X] Falló el test testIsEmptyMethod en la línea 38
-> Corriendo tests de StackTests3 para la clase: StackArMutated7054 (TrueReturnsMutator: Se reemplazó false por true en la línea 82.)
   [X] Falló el test testEqualsDifferentReadIndexes en la línea 85
-> Corriendo tests de StackTests3 para la clase: StackArMutated754 (TrueReturnsMutator: Se reemplazó false por true en la línea 77.)
   [X] Falló el test testDifferentTypesOfObjectsAreNotEqual en la línea 106
-> Corriendo tests de StackTests3 para la clase: StackArMutated9363 (FalseConditionalsMutator: Se reemplazó capacity < 0 por false en la línea 18.)
   [X] Falló el test testConstructorWithNegativeCapacity en la línea 30
-> Corriendo tests de StackTests3 para la clase: StackArMutated3935 (NegateConditionsMutator: Se reemplazó == por != en la línea 33.)
   [X] Falló el test testIsEmptyMethod en la línea 38
-> Corriendo tests de StackTests3 para la clase: StackArMutated9325 (EmptyReturnsMutator: Se reemplazó readIndex + 1 por 0 en la línea 25.)
   [X] Falló el test testIsEmptyMethod en la línea 39
-> Corriendo tests de StackTests3 para la clase: StackArMutated3974 (NegateConditionsMutator: Se reemplazó <= por > en la línea 90.)
   [X] Falló el test testToStringMethod en la línea 55
-> Corriendo tests de StackTests3 para la clase: StackArMutated1159 (MathMutator: Se reemplazó + por - en la línea 66.)
   [X] Falló el test testHashCode en la línea 142
-> Corriendo tests de StackTests3 para la clase: StackArMutated6405 (ZeroConstantMutator: Se reemplazó 31 por 0 en la línea 63.)
   [X] Falló el test testHashCodeDifferentStacks en la línea 116
-> Corriendo tests de StackTests3 para la clase: StackArMutated4597 (ZeroConstantMutator: Se reemplazó 1 por 0 en la línea 64.)
   [X] Falló el test testHashCode en la línea 142
-> Corriendo tests de StackTests3 para la clase: StackArMutated940 (ConditionalsBoundaryMutator: Se reemplazó <= por < en la línea 90.)
   [X] Falló el test testToStringMethod en la línea 57
-> Corriendo tests de StackTests3 para la clase: StackArMutated5049 (ConditionalsBoundaryMutator: Se reemplazó < por <= en la línea 18.)
   [X] Falló el test testCapacity0IsValid en la línea 100
-> Corriendo tests de StackTests3 para la clase: StackArMutated8513 (FalseConditionalsMutator: Se reemplazó i > 0 por false en la línea 91.)
   [X] Falló el test testToStringMethod en la línea 59
-> Corriendo tests de StackTests3 para la clase: StackArMutated7268 (IncrementsMutator: Se reemplazó -- por ++ en la línea 49.)
   [X] Falló el test testIsEmptyMethod en la línea 41
-> Corriendo tests de StackTests3 para la clase: StackArMutated8313 (TrueConditionalsMutator: Se reemplazó capacity < 0 por true en la línea 18.)
   [X] Falló el test testSameStackIsEqual en la línea 68
-> Corriendo tests de StackTests3 para la clase: StackArMutated4471 (FalseReturnsMutator: Se reemplazó true por false en la línea 73.)
   [X] Falló el test testSameStackIsEqual en la línea 69
-> Corriendo tests de StackTests3 para la clase: StackArMutated5640 (ZeroConstantMutator: Se reemplazó 1 por 0 en la línea 11.)
   [X] Falló el test testIsEmptyMethod en la línea 37
-> Corriendo tests de StackTests3 para la clase: StackArMutated8036 (OneConstantMutator: Se reemplazó 10 por 1 en la línea 7.)
   [X] Falló el test testEqualsDifferentReadIndexes en la línea 80
-> Corriendo tests de StackTests3 para la clase: StackArMutated6496 (TrueConditionalsMutator: Se reemplazó getClass() != obj.getClass() por true en la línea 76.)
   [X] Falló el test testEmptyStackAreEqual en la línea 73
-> Corriendo tests de StackTests3 para la clase: StackArMutated7660 (NullReturnsMutator: Se reemplazó rv por null en la línea 50.)
   [X] Falló el test testEqualsPopAndPushed en la línea 135
-> Corriendo tests de StackTests3 para la clase: StackArMutated5482 (ConditionalsBoundaryMutator: Se reemplazó > por >= en la línea 91.)
   [X] Falló el test testToStringMethod en la línea 57
-> Corriendo tests de StackTests3 para la clase: StackArMutated942 (MathMutator: Se reemplazó + por - en la línea 25.)
   [X] Falló el test testIsEmptyMethod en la línea 37
-> Corriendo tests de StackTests3 para la clase: StackArMutated1926 (FalseConditionalsMutator: Se reemplazó !java.util.Arrays.equals(elems, other.elems) por false en la línea 79.)
   [X] Falló el test testEqualsDifferentElems en la línea 96
-> Corriendo tests de StackTests3 para la clase: StackArMutated927 (NullReturnsMutator: Se reemplazó b.toString() por null en la línea 99.)
   [X] Falló el test testToStringMethod en la línea 55
-> Corriendo tests de StackTests3 para la clase: StackArMutated9772 (FalseConditionalsMutator: Se reemplazó isEmpty() por false en la línea 45.)
-> Corriendo tests de StackTests3 para la clase: StackArMutated6858 (MathMutator: Se reemplazó + por - en la línea 65.)
   [X] Falló el test testHashCode en la línea 142
-> Corriendo tests de StackTests3 para la clase: StackArMutated3863 (FalseReturnsMutator: Se reemplazó size() == elems.length por false en la línea 33.)
   [X] Falló el test testIsFullMethod en la línea 48
-> Corriendo tests de StackTests3 para la clase: StackArMutated3426 (TrueReturnsMutator: Se reemplazó size() == elems.length por true en la línea 33.)
   [X] Falló el test testIsEmptyMethod en la línea 38
-> Corriendo tests de StackTests3 para la clase: StackArMutated5844 (OneConstantMutator: Se reemplazó 0 por 1 en la línea 18.)
   [X] Falló el test testCapacity0IsValid en la línea 100
-> Corriendo tests de StackTests3 para la clase: StackArMutated7867 (MinusOneConstantMutator: Se reemplazó 31 por -1 en la línea 63.)
   [X] Falló el test testHashCode en la línea 142
-> Corriendo tests de StackTests3 para la clase: StackArMutated4563 (NullReturnsMutator: Se reemplazó rv por null en la línea 58.)
   [X] Falló el test testEqualsPopAndPushed en la línea 135
-> Corriendo tests de StackTests3 para la clase: StackArMutated6784 (MathMutator: Se reemplazó * por / en la línea 65.)
-> Corriendo tests de StackTests3 para la clase: StackArMutated8641 (TrueReturnsMutator: Se reemplazó false por true en la línea 75.)
   [X] Falló el test testEqualsNull en la línea 64
-> Corriendo tests de StackTests3 para la clase: StackArMutated5175 (NegateConditionsMutator: Se reemplazó == por != en la línea 74.)
   [X] Falló el test testEqualsNull en la línea 64
-> Corriendo tests de StackTests3 para la clase: StackArMutated7271 (IncrementsMutator: Se reemplazó ++ por -- en la línea 40.)
   [X] Falló el test testIsEmptyMethod en la línea 38
-> Corriendo tests de StackTests3 para la clase: StackArMutated613 (NegateConditionsMutator: Se reemplazó < por >= en la línea 18.)
   [X] Falló el test testSameStackIsEqual en la línea 68
-> Corriendo tests de StackTests3 para la clase: StackArMutated9223 (FalseConditionalsMutator: Se reemplazó this == obj por false en la línea 72.)
-> Corriendo tests de StackTests3 para la clase: StackArMutated2747 (TrueConditionalsMutator: Se reemplazó isEmpty() por true en la línea 45.)
   [X] Falló el test testIsEmptyMethod en la línea 40
-> Corriendo tests de StackTests3 para la clase: StackArMutated9226 (TrueReturnsMutator: Se reemplazó false por true en la línea 80.)
   [X] Falló el test testEqualsDifferentElems en la línea 96
-> Corriendo tests de StackTests3 para la clase: StackArMutated3512 (MathMutator: Se reemplazó * por / en la línea 66.)
   [X] Falló el test testHashCodeDifferentStacks en la línea 116
-> Corriendo tests de StackTests3 para la clase: StackArMutated2224 (TrueConditionalsMutator: Se reemplazó obj == null por true en la línea 74.)
   [X] Falló el test testEmptyStackAreEqual en la línea 73
-> Corriendo tests de StackTests3 para la clase: StackArMutated4722 (NegateConditionsMutator: Se reemplazó > por <= en la línea 91.)
   [X] Falló el test testToStringMethod en la línea 57
-> Corriendo tests de StackTests3 para la clase: StackArMutated1973 (MinusOneConstantMutator: Se reemplazó 10 por -1 en la línea 7.)
   [X] Falló el test testSameStackIsEqual en la línea 68
-> Corriendo tests de StackTests3 para la clase: StackArMutated2821 (NegateConditionsMutator: Se reemplazó == por != en la línea 29.)
   [X] Falló el test testIsEmptyMethod en la línea 37
-> Corriendo tests de StackTests3 para la clase: StackArMutated8217 (MinusOneConstantMutator: Se reemplazó 0 por -1 en la línea 90.)
   [X] Falló el test testToStringMethod en la línea 55
-> Corriendo tests de StackTests3 para la clase: StackArMutated3243 (TrueConditionalsMutator: Se reemplazó this == obj por true en la línea 72.)
   [X] Falló el test testEqualsNull en la línea 64
-> Corriendo tests de StackTests3 para la clase: StackArMutated5102 (OneConstantMutator: Se reemplazó 0 por 1 en la línea 91.)
   [X] Falló el test testToStringMethod en la línea 59
-> Corriendo tests de StackTests3 para la clase: StackArMutated7567 (NegateConditionsMutator: Se reemplazó != por == en la línea 76.)
   [X] Falló el test testEmptyStackAreEqual en la línea 73
-> Corriendo tests de StackTests3 para la clase: StackArMutated4257 (TrueReturnsMutator: Se reemplazó size() == 0 por true en la línea 29.)
   [X] Falló el test testIsEmptyMethod en la línea 39
-> Corriendo tests de StackTests3 para la clase: StackArMutated3124 (TrueConditionalsMutator: Se reemplazó isFull() por true en la línea 37.)
   [X] Falló el test testIsEmptyMethod en la línea 38
-> Corriendo tests de StackTests3 para la clase: StackArMutated7960 (MinusOneConstantMutator: Se reemplazó 0 por -1 en la línea 18.)
   [X] Falló el test testConstructorWithNegativeCapacity en la línea 30
-> Corriendo tests de StackTests3 para la clase: StackArMutated3000 (TrueConditionalsMutator: Se reemplazó isEmpty() por true en la línea 54.)
   [X] Falló el test testIsEmptyMethod en la línea 40
-> Corriendo tests de StackTests3 para la clase: StackArMutated3483 (MinusOneConstantMutator: Se reemplazó 0 por -1 en la línea 29.)
   [X] Falló el test testIsEmptyMethod en la línea 37
-> Corriendo tests de StackTests3 para la clase: StackArMutated6153 (TrueConditionalsMutator: Se reemplazó readIndex != other.readIndex por true en la línea 81.)
   [X] Falló el test testEmptyStackAreEqual en la línea 73
-> Corriendo tests de StackTests3 para la clase: StackArMutated5260 (EmptyReturnsMutator: Se reemplazó result por 0 en la línea 67.)
   [X] Falló el test testHashCodeDifferentStacks en la línea 116
-> Corriendo tests de StackTests3 para la clase: StackArMutated922 (FalseConditionalsMutator: Se reemplazó obj == null por false en la línea 74.)
   [X] Falló el test testEqualsNull en la línea 64
-> Corriendo tests de StackTests3 para la clase: StackArMutated646 (FalseReturnsMutator: Se reemplazó true por false en la línea 83.)
   [X] Falló el test testEmptyStackAreEqual en la línea 73
-> Corriendo tests de StackTests3 para la clase: StackArMutated7160 (NegateConditionsMutator: Se reemplazó == por != en la línea 72.)
   [X] Falló el test testEqualsNull en la línea 64
-> Corriendo tests de StackTests3 para la clase: StackArMutated568 (NegateConditionsMutator: Se reemplazó != por == en la línea 81.)
   [X] Falló el test testEmptyStackAreEqual en la línea 73
-> Mutantes generados: 73
-> Mutantes eliminados: 70
    - StackArMutated2821 (NegateConditionsMutator: Se reemplazó == por != en la línea 29.)
    - StackArMutated1973 (MinusOneConstantMutator: Se reemplazó 10 por -1 en la línea 7.)
    - StackArMutated3512 (MathMutator: Se reemplazó * por / en la línea 66.)
    - StackArMutated4722 (NegateConditionsMutator: Se reemplazó > por <= en la línea 91.)
    - StackArMutated2747 (TrueConditionalsMutator: Se reemplazó isEmpty() por true en la línea 45.)
    - StackArMutated2224 (TrueConditionalsMutator: Se reemplazó obj == null por true en la línea 74.)
    - StackArMutated754 (TrueReturnsMutator: Se reemplazó false por true en la línea 77.)
    - StackArMutated8641 (TrueReturnsMutator: Se reemplazó false por true en la línea 75.)
    - StackArMutated4563 (NullReturnsMutator: Se reemplazó rv por null en la línea 58.)
    - StackArMutated5260 (EmptyReturnsMutator: Se reemplazó result por 0 en la línea 67.)
    - StackArMutated6153 (TrueConditionalsMutator: Se reemplazó readIndex != other.readIndex por true en la línea 81.)
    - StackArMutated7160 (NegateConditionsMutator: Se reemplazó == por != en la línea 72.)
    - StackArMutated57 (FalseConditionalsMutator: Se reemplazó readIndex != other.readIndex por false en la línea 81.)
    - StackArMutated3426 (TrueReturnsMutator: Se reemplazó size() == elems.length por true en la línea 33.)
    - StackArMutated5844 (OneConstantMutator: Se reemplazó 0 por 1 en la línea 18.)
    - StackArMutated927 (NullReturnsMutator: Se reemplazó b.toString() por null en la línea 99.)
    - StackArMutated6858 (MathMutator: Se reemplazó + por - en la línea 65.)
    - StackArMutated4597 (ZeroConstantMutator: Se reemplazó 1 por 0 en la línea 64.)
    - StackArMutated922 (FalseConditionalsMutator: Se reemplazó obj == null por false en la línea 74.)
    - StackArMutated5049 (ConditionalsBoundaryMutator: Se reemplazó < por <= en la línea 18.)
    - StackArMutated8513 (FalseConditionalsMutator: Se reemplazó i > 0 por false en la línea 91.)
    - StackArMutated7867 (MinusOneConstantMutator: Se reemplazó 31 por -1 en la línea 63.)
    - StackArMutated9325 (EmptyReturnsMutator: Se reemplazó readIndex + 1 por 0 en la línea 25.)
    - StackArMutated8313 (TrueConditionalsMutator: Se reemplazó capacity < 0 por true en la línea 18.)
    - StackArMutated3863 (FalseReturnsMutator: Se reemplazó size() == elems.length por false en la línea 33.)
    - StackArMutated6496 (TrueConditionalsMutator: Se reemplazó getClass() != obj.getClass() por true en la línea 76.)
    - StackArMutated5640 (ZeroConstantMutator: Se reemplazó 1 por 0 en la línea 11.)
    - StackArMutated8036 (OneConstantMutator: Se reemplazó 10 por 1 en la línea 7.)
    - StackArMutated568 (NegateConditionsMutator: Se reemplazó != por == en la línea 81.)
    - StackArMutated7268 (IncrementsMutator: Se reemplazó -- por ++ en la línea 49.)
    - StackArMutated646 (FalseReturnsMutator: Se reemplazó true por false en la línea 83.)
    - StackArMutated5175 (NegateConditionsMutator: Se reemplazó == por != en la línea 74.)
    - StackArMutated7271 (IncrementsMutator: Se reemplazó ++ por -- en la línea 40.)
    - StackArMutated1926 (FalseConditionalsMutator: Se reemplazó !java.util.Arrays.equals(elems, other.elems) por false en la línea 79.)
    - StackArMutated3974 (NegateConditionsMutator: Se reemplazó <= por > en la línea 90.)
    - StackArMutated1159 (MathMutator: Se reemplazó + por - en la línea 66.)
    - StackArMutated6405 (ZeroConstantMutator: Se reemplazó 31 por 0 en la línea 63.)
    - StackArMutated3935 (NegateConditionsMutator: Se reemplazó == por != en la línea 33.)
    - StackArMutated4421 (EmptyReturnsMutator: Se reemplazó b.toString() por "" en la línea 99.)
    - StackArMutated7696 (FalseConditionalsMutator: Se reemplazó getClass() != obj.getClass() por false en la línea 76.)
    - StackArMutated3378 (ZeroConstantMutator: Se reemplazó 1 por 0 en la línea 25.)
    - StackArMutated9356 (TrueConditionalsMutator: Se reemplazó !java.util.Arrays.equals(elems, other.elems) por true en la línea 79.)
    - StackArMutated613 (NegateConditionsMutator: Se reemplazó < por >= en la línea 18.)
    - StackArMutated9363 (FalseConditionalsMutator: Se reemplazó capacity < 0 por false en la línea 18.)
    - StackArMutated5482 (ConditionalsBoundaryMutator: Se reemplazó > por >= en la línea 91.)
    - StackArMutated4471 (FalseReturnsMutator: Se reemplazó true por false en la línea 73.)
    - StackArMutated7660 (NullReturnsMutator: Se reemplazó rv por null en la línea 50.)
    - StackArMutated5706 (FalseConditionalsMutator: Se reemplazó isFull() por false en la línea 37.)
    - StackArMutated4936 (IncrementsMutator: Se reemplazó ++ por -- en la línea 90.)
    - StackArMutated2358 (TrueConditionalsMutator: Se reemplazó i > 0 por true en la línea 91.)
    - StackArMutated2874 (OneConstantMutator: Se reemplazó 31 por 1 en la línea 63.)
    - StackArMutated9908 (FalseConditionalsMutator: Se reemplazó isEmpty() por false en la línea 54.)
    - StackArMutated2638 (FalseReturnsMutator: Se reemplazó size() == 0 por false en la línea 29.)
    - StackArMutated3968 (MinusOneConstantMutator: Se reemplazó 0 por -1 en la línea 91.)
    - StackArMutated3243 (TrueConditionalsMutator: Se reemplazó this == obj por true en la línea 72.)
    - StackArMutated7567 (NegateConditionsMutator: Se reemplazó != por == en la línea 76.)
    - StackArMutated4257 (TrueReturnsMutator: Se reemplazó size() == 0 por true en la línea 29.)
    - StackArMutated3000 (TrueConditionalsMutator: Se reemplazó isEmpty() por true en la línea 54.)
    - StackArMutated3483 (MinusOneConstantMutator: Se reemplazó 0 por -1 en la línea 29.)
    - StackArMutated8217 (MinusOneConstantMutator: Se reemplazó 0 por -1 en la línea 90.)
    - StackArMutated940 (ConditionalsBoundaryMutator: Se reemplazó <= por < en la línea 90.)
    - StackArMutated9226 (TrueReturnsMutator: Se reemplazó false por true en la línea 80.)
    - StackArMutated7960 (MinusOneConstantMutator: Se reemplazó 0 por -1 en la línea 18.)
    - StackArMutated1388 (OneConstantMutator: Se reemplazó 0 por 1 en la línea 90.)
    - StackArMutated942 (MathMutator: Se reemplazó + por - en la línea 25.)
    - StackArMutated3124 (TrueConditionalsMutator: Se reemplazó isFull() por true en la línea 37.)
    - StackArMutated5102 (OneConstantMutator: Se reemplazó 0 por 1 en la línea 91.)
    - StackArMutated7054 (TrueReturnsMutator: Se reemplazó false por true en la línea 82.)
    - StackArMutated5031 (ZeroConstantMutator: Se reemplazó 10 por 0 en la línea 7.)
    - StackArMutated9790 (OneConstantMutator: Se reemplazó 0 por 1 en la línea 29.)
-> Mutantes vivos: 3
    - StackArMutated6784 (MathMutator: Se reemplazó * por / en la línea 65.)
    - StackArMutated9223 (FalseConditionalsMutator: Se reemplazó this == obj por false en la línea 72.)
    - StackArMutated9772 (FalseConditionalsMutator: Se reemplazó isEmpty() por false en la línea 45.)
-> Mutation score: 95%
]]></system-out>
  <system-err><![CDATA[[Test worker] INFO org.reflections.Reflections - Reflections took 235 ms to scan 1 urls, producing 1 keys and 73 values
]]></system-err>
</testsuite>
