<?xml version="1.0" encoding="UTF-8"?>
<testsuite name="org.autotest.StackTests3" tests="1" skipped="0" failures="0" errors="0" timestamp="2023-08-28T20:52:43" hostname="erik-Inspiron-3505" time="1.092">
  <properties/>
  <testcase name="run()" classname="org.autotest.StackTests3" time="1.092"/>
  <system-out><![CDATA[-> Corriendo tests de StackTests3 para la clase: StackAr (Stack original)
-> Corriendo tests de StackTests3 para la clase: StackArMutated2833 (TrueConditionalsMutator: Se reemplazó isEmpty() por true en la línea 45.)
   [X] Falló el test testIsEmptyMethod en la línea 40
-> Corriendo tests de StackTests3 para la clase: StackArMutated7606 (TrueConditionalsMutator: Se reemplazó readIndex != other.readIndex por true en la línea 81.)
   [X] Falló el test testEmptyStackAreEqual en la línea 73
-> Corriendo tests de StackTests3 para la clase: StackArMutated9998 (OneConstantMutator: Se reemplazó 31 por 1 en la línea 63.)
-> Corriendo tests de StackTests3 para la clase: StackArMutated1225 (TrueReturnsMutator: Se reemplazó true por true en la línea 73.)
-> Corriendo tests de StackTests3 para la clase: StackArMutated2952 (FalseReturnsMutator: Se reemplazó true por false en la línea 83.)
   [X] Falló el test testEmptyStackAreEqual en la línea 73
-> Corriendo tests de StackTests3 para la clase: StackArMutated1545 (TrueReturnsMutator: Se reemplazó true por true en la línea 83.)
-> Corriendo tests de StackTests3 para la clase: StackArMutated4269 (TrueConditionalsMutator: Se reemplazó obj == null por true en la línea 74.)
   [X] Falló el test testEmptyStackAreEqual en la línea 73
-> Corriendo tests de StackTests3 para la clase: StackArMutated4786 (MinusOneConstantMutator: Se reemplazó 31 por -1 en la línea 63.)
-> Corriendo tests de StackTests3 para la clase: StackArMutated8347 (ZeroConstantMutator: Se reemplazó 1 por 0 en la línea 11.)
   [X] Falló el test testIsEmptyMethod en la línea 37
-> Corriendo tests de StackTests3 para la clase: StackArMutated7533 (TrueConditionalsMutator: Se reemplazó capacity < 0 por true en la línea 18.)
   [X] Falló el test testSameStackIsEqual en la línea 68
-> Corriendo tests de StackTests3 para la clase: StackArMutated7378 (FalseReturnsMutator: Se reemplazó size() == 0 por false en la línea 29.)
   [X] Falló el test testIsEmptyMethod en la línea 37
-> Corriendo tests de StackTests3 para la clase: StackArMutated7136 (OneConstantMutator: Se reemplazó 1 por 1 en la línea 11.)
-> Corriendo tests de StackTests3 para la clase: StackArMutated7696 (NegateConditionsMutator: Se reemplazó == por != en la línea 33.)
   [X] Falló el test testIsEmptyMethod en la línea 38
-> Corriendo tests de StackTests3 para la clase: StackArMutated8861 (OneConstantMutator: Se reemplazó 0 por 1 en la línea 29.)
   [X] Falló el test testIsEmptyMethod en la línea 37
-> Corriendo tests de StackTests3 para la clase: StackArMutated4067 (NullReturnsMutator: Se reemplazó rv por null en la línea 50.)
   [X] Falló el test testEqualsPopAndPushed en la línea 135
-> Corriendo tests de StackTests3 para la clase: StackArMutated6682 (TrueConditionalsMutator: Se reemplazó i > 0 por true en la línea 91.)
   [X] Falló el test testToStringMethod en la línea 57
-> Corriendo tests de StackTests3 para la clase: StackArMutated997 (FalseConditionalsMutator: Se reemplazó this == obj por false en la línea 72.)
-> Corriendo tests de StackTests3 para la clase: StackArMutated1958 (NullReturnsMutator: Se reemplazó rv por null en la línea 58.)
   [X] Falló el test testEqualsPopAndPushed en la línea 135
-> Corriendo tests de StackTests3 para la clase: StackArMutated2569 (ZeroConstantMutator: Se reemplazó 10 por 0 en la línea 7.)
   [X] Falló el test testIsEmptyMethod en la línea 38
-> Corriendo tests de StackTests3 para la clase: StackArMutated9202 (ZeroConstantMutator: Se reemplazó 1 por 0 en la línea 64.)
-> Corriendo tests de StackTests3 para la clase: StackArMutated1437 (TrueReturnsMutator: Se reemplazó false por true en la línea 77.)
   [X] Falló el test testDifferentTypesOfObjectsAreNotEqual en la línea 106
-> Corriendo tests de StackTests3 para la clase: StackArMutated2769 (IncrementsMutator: Se reemplazó -- por ++ en la línea 49.)
   [X] Falló el test testIsEmptyMethod en la línea 41
-> Corriendo tests de StackTests3 para la clase: StackArMutated9005 (ZeroConstantMutator: Se reemplazó 0 por 0 en la línea 90.)
-> Corriendo tests de StackTests3 para la clase: StackArMutated4903 (ConditionalsBoundaryMutator: Se reemplazó < por <= en la línea 18.)
   [X] Falló el test testCapacity0IsValid en la línea 100
-> Corriendo tests de StackTests3 para la clase: StackArMutated6209 (NegateConditionsMutator: Se reemplazó != por == en la línea 81.)
   [X] Falló el test testEmptyStackAreEqual en la línea 73
-> Corriendo tests de StackTests3 para la clase: StackArMutated4787 (FalseReturnsMutator: Se reemplazó false por false en la línea 77.)
-> Corriendo tests de StackTests3 para la clase: StackArMutated3217 (NegateConditionsMutator: Se reemplazó == por != en la línea 72.)
   [X] Falló el test testEqualsNull en la línea 64
-> Corriendo tests de StackTests3 para la clase: StackArMutated4823 (TrueReturnsMutator: Se reemplazó size() == 0 por true en la línea 29.)
   [X] Falló el test testIsEmptyMethod en la línea 39
-> Corriendo tests de StackTests3 para la clase: StackArMutated3415 (OneConstantMutator: Se reemplazó 0 por 1 en la línea 90.)
   [X] Falló el test testToStringMethod en la línea 57
-> Corriendo tests de StackTests3 para la clase: StackArMutated6328 (NegateConditionsMutator: Se reemplazó <= por > en la línea 90.)
   [X] Falló el test testToStringMethod en la línea 55
-> Corriendo tests de StackTests3 para la clase: StackArMutated7866 (ZeroConstantMutator: Se reemplazó 31 por 0 en la línea 63.)
   [X] Falló el test testHashCodeDifferentStacks en la línea 116
-> Corriendo tests de StackTests3 para la clase: StackArMutated2573 (MinusOneConstantMutator: Se reemplazó 10 por -1 en la línea 7.)
   [X] Falló el test testSameStackIsEqual en la línea 68
-> Corriendo tests de StackTests3 para la clase: StackArMutated1088 (ZeroConstantMutator: Se reemplazó 1 por 0 en la línea 25.)
   [X] Falló el test testIsEmptyMethod en la línea 37
-> Corriendo tests de StackTests3 para la clase: StackArMutated741 (FalseConditionalsMutator: Se reemplazó obj == null por false en la línea 74.)
   [X] Falló el test testEqualsNull en la línea 64
-> Corriendo tests de StackTests3 para la clase: StackArMutated8315 (FalseReturnsMutator: Se reemplazó false por false en la línea 82.)
-> Corriendo tests de StackTests3 para la clase: StackArMutated1442 (OneConstantMutator: Se reemplazó 0 por 1 en la línea 18.)
   [X] Falló el test testCapacity0IsValid en la línea 100
-> Corriendo tests de StackTests3 para la clase: StackArMutated9918 (ZeroConstantMutator: Se reemplazó 0 por 0 en la línea 91.)
-> Corriendo tests de StackTests3 para la clase: StackArMutated8037 (TrueReturnsMutator: Se reemplazó false por true en la línea 82.)
   [X] Falló el test testEqualsDifferentReadIndexes en la línea 85
-> Corriendo tests de StackTests3 para la clase: StackArMutated7663 (FalseConditionalsMutator: Se reemplazó i > 0 por false en la línea 91.)
   [X] Falló el test testToStringMethod en la línea 59
-> Corriendo tests de StackTests3 para la clase: StackArMutated4870 (NegateConditionsMutator: Se reemplazó == por != en la línea 29.)
   [X] Falló el test testIsEmptyMethod en la línea 37
-> Corriendo tests de StackTests3 para la clase: StackArMutated6254 (ZeroConstantMutator: Se reemplazó 0 por 0 en la línea 29.)
-> Corriendo tests de StackTests3 para la clase: StackArMutated947 (FalseConditionalsMutator: Se reemplazó getClass() != obj.getClass() por false en la línea 76.)
   [X] Falló el test testDifferentTypesOfObjectsAreNotEqual en la línea 106
-> Corriendo tests de StackTests3 para la clase: StackArMutated987 (ConditionalsBoundaryMutator: Se reemplazó <= por < en la línea 90.)
   [X] Falló el test testToStringMethod en la línea 57
-> Corriendo tests de StackTests3 para la clase: StackArMutated666 (TrueConditionalsMutator: Se reemplazó isEmpty() por true en la línea 54.)
   [X] Falló el test testIsEmptyMethod en la línea 40
-> Corriendo tests de StackTests3 para la clase: StackArMutated7908 (TrueReturnsMutator: Se reemplazó false por true en la línea 80.)
   [X] Falló el test testEqualsDifferentElems en la línea 96
-> Corriendo tests de StackTests3 para la clase: StackArMutated9059 (MathMutator: Se reemplazó * por / en la línea 66.)
   [X] Falló el test testHashCodeDifferentStacks en la línea 116
-> Corriendo tests de StackTests3 para la clase: StackArMutated6818 (NegateConditionsMutator: Se reemplazó != por == en la línea 76.)
   [X] Falló el test testEmptyStackAreEqual en la línea 73
-> Corriendo tests de StackTests3 para la clase: StackArMutated1844 (OneConstantMutator: Se reemplazó 10 por 1 en la línea 7.)
   [X] Falló el test testEqualsDifferentReadIndexes en la línea 80
-> Corriendo tests de StackTests3 para la clase: StackArMutated9579 (NegateConditionsMutator: Se reemplazó == por != en la línea 74.)
   [X] Falló el test testEqualsNull en la línea 64
-> Corriendo tests de StackTests3 para la clase: StackArMutated1003 (EmptyReturnsMutator: Se reemplazó result por 0 en la línea 67.)
   [X] Falló el test testHashCodeDifferentStacks en la línea 116
-> Corriendo tests de StackTests3 para la clase: StackArMutated7307 (MinusOneConstantMutator: Se reemplazó 0 por -1 en la línea 29.)
   [X] Falló el test testIsEmptyMethod en la línea 37
-> Corriendo tests de StackTests3 para la clase: StackArMutated9977 (EmptyReturnsMutator: Se reemplazó readIndex + 1 por 0 en la línea 25.)
   [X] Falló el test testIsEmptyMethod en la línea 39
-> Corriendo tests de StackTests3 para la clase: StackArMutated5457 (MinusOneConstantMutator: Se reemplazó 0 por -1 en la línea 18.)
   [X] Falló el test testConstructorWithNegativeCapacity en la línea 30
-> Corriendo tests de StackTests3 para la clase: StackArMutated8249 (NegateConditionsMutator: Se reemplazó < por >= en la línea 18.)
   [X] Falló el test testSameStackIsEqual en la línea 68
-> Corriendo tests de StackTests3 para la clase: StackArMutated2542 (ConditionalsBoundaryMutator: Se reemplazó > por >= en la línea 91.)
   [X] Falló el test testToStringMethod en la línea 57
-> Corriendo tests de StackTests3 para la clase: StackArMutated4169 (EmptyReturnsMutator: Se reemplazó b.toString() por "" en la línea 99.)
   [X] Falló el test testToStringMethod en la línea 55
-> Corriendo tests de StackTests3 para la clase: StackArMutated8402 (MathMutator: Se reemplazó + por - en la línea 65.)
-> Corriendo tests de StackTests3 para la clase: StackArMutated6420 (OneConstantMutator: Se reemplazó 1 por 1 en la línea 64.)
-> Corriendo tests de StackTests3 para la clase: StackArMutated374 (TrueConditionalsMutator: Se reemplazó getClass() != obj.getClass() por true en la línea 76.)
   [X] Falló el test testEmptyStackAreEqual en la línea 73
-> Corriendo tests de StackTests3 para la clase: StackArMutated3591 (FalseConditionalsMutator: Se reemplazó !java.util.Arrays.equals(elems, other.elems) por false en la línea 79.)
   [X] Falló el test testEqualsDifferentElems en la línea 96
-> Corriendo tests de StackTests3 para la clase: StackArMutated2263 (FalseConditionalsMutator: Se reemplazó isFull() por false en la línea 37.)
   [X] Falló el test testPushToFullStackThrows en la línea 126
-> Corriendo tests de StackTests3 para la clase: StackArMutated7592 (TrueConditionalsMutator: Se reemplazó isFull() por true en la línea 37.)
   [X] Falló el test testIsEmptyMethod en la línea 38
-> Corriendo tests de StackTests3 para la clase: StackArMutated856 (FalseConditionalsMutator: Se reemplazó readIndex != other.readIndex por false en la línea 81.)
   [X] Falló el test testEqualsDifferentReadIndexes en la línea 85
-> Corriendo tests de StackTests3 para la clase: StackArMutated732 (NegateConditionsMutator: Se reemplazó > por <= en la línea 91.)
   [X] Falló el test testToStringMethod en la línea 57
-> Corriendo tests de StackTests3 para la clase: StackArMutated9780 (FalseConditionalsMutator: Se reemplazó isEmpty() por false en la línea 54.)
   [X] Falló el test testCallTopOnEmptyStackThrowsIllegalStateException en la línea 120
-> Corriendo tests de StackTests3 para la clase: StackArMutated9980 (OneConstantMutator: Se reemplazó 1 por 1 en la línea 25.)
-> Corriendo tests de StackTests3 para la clase: StackArMutated4527 (OneConstantMutator: Se reemplazó 0 por 1 en la línea 91.)
   [X] Falló el test testToStringMethod en la línea 59
-> Corriendo tests de StackTests3 para la clase: StackArMutated4208 (IncrementsMutator: Se reemplazó ++ por -- en la línea 40.)
   [X] Falló el test testIsEmptyMethod en la línea 38
-> Corriendo tests de StackTests3 para la clase: StackArMutated9500 (ZeroConstantMutator: Se reemplazó 0 por 0 en la línea 18.)
-> Corriendo tests de StackTests3 para la clase: StackArMutated3715 (MathMutator: Se reemplazó + por - en la línea 66.)
-> Corriendo tests de StackTests3 para la clase: StackArMutated1652 (TrueConditionalsMutator: Se reemplazó !java.util.Arrays.equals(elems, other.elems) por true en la línea 79.)
   [X] Falló el test testEmptyStackAreEqual en la línea 73
-> Corriendo tests de StackTests3 para la clase: StackArMutated4722 (FalseConditionalsMutator: Se reemplazó capacity < 0 por false en la línea 18.)
   [X] Falló el test testConstructorWithNegativeCapacity en la línea 30
-> Corriendo tests de StackTests3 para la clase: StackArMutated1336 (FalseReturnsMutator: Se reemplazó false por false en la línea 75.)
-> Corriendo tests de StackTests3 para la clase: StackArMutated6314 (FalseConditionalsMutator: Se reemplazó isEmpty() por false en la línea 45.)
-> Corriendo tests de StackTests3 para la clase: StackArMutated6039 (TrueConditionalsMutator: Se reemplazó this == obj por true en la línea 72.)
   [X] Falló el test testEqualsNull en la línea 64
-> Corriendo tests de StackTests3 para la clase: StackArMutated6711 (MinusOneConstantMutator: Se reemplazó 0 por -1 en la línea 90.)
   [X] Falló el test testToStringMethod en la línea 55
-> Corriendo tests de StackTests3 para la clase: StackArMutated5545 (FalseReturnsMutator: Se reemplazó size() == elems.length por false en la línea 33.)
   [X] Falló el test testIsFullMethod en la línea 48
-> Corriendo tests de StackTests3 para la clase: StackArMutated8217 (FalseReturnsMutator: Se reemplazó true por false en la línea 73.)
   [X] Falló el test testSameStackIsEqual en la línea 69
-> Corriendo tests de StackTests3 para la clase: StackArMutated2475 (MinusOneConstantMutator: Se reemplazó 0 por -1 en la línea 91.)
   [X] Falló el test testToStringMethod en la línea 57
-> Corriendo tests de StackTests3 para la clase: StackArMutated563 (FalseReturnsMutator: Se reemplazó false por false en la línea 80.)
-> Corriendo tests de StackTests3 para la clase: StackArMutated485 (MathMutator: Se reemplazó * por / en la línea 65.)
-> Corriendo tests de StackTests3 para la clase: StackArMutated7564 (TrueReturnsMutator: Se reemplazó size() == elems.length por true en la línea 33.)
   [X] Falló el test testIsEmptyMethod en la línea 38
-> Corriendo tests de StackTests3 para la clase: StackArMutated242 (TrueReturnsMutator: Se reemplazó false por true en la línea 75.)
   [X] Falló el test testEqualsNull en la línea 64
-> Corriendo tests de StackTests3 para la clase: StackArMutated4094 (MathMutator: Se reemplazó + por - en la línea 25.)
   [X] Falló el test testIsEmptyMethod en la línea 37
-> Corriendo tests de StackTests3 para la clase: StackArMutated5260 (IncrementsMutator: Se reemplazó ++ por -- en la línea 90.)
   [X] Falló el test testToStringMethod en la línea 57
-> Mutantes generados: 85
-> Mutantes eliminados: 64
    - StackArMutated4722 (FalseConditionalsMutator: Se reemplazó capacity < 0 por false en la línea 18.)
    - StackArMutated4527 (OneConstantMutator: Se reemplazó 0 por 1 en la línea 91.)
    - StackArMutated4208 (IncrementsMutator: Se reemplazó ++ por -- en la línea 40.)
    - StackArMutated4169 (EmptyReturnsMutator: Se reemplazó b.toString() por "" en la línea 99.)
    - StackArMutated2263 (FalseConditionalsMutator: Se reemplazó isFull() por false en la línea 37.)
    - StackArMutated5457 (MinusOneConstantMutator: Se reemplazó 0 por -1 en la línea 18.)
    - StackArMutated8249 (NegateConditionsMutator: Se reemplazó < por >= en la línea 18.)
    - StackArMutated9977 (EmptyReturnsMutator: Se reemplazó readIndex + 1 por 0 en la línea 25.)
    - StackArMutated9579 (NegateConditionsMutator: Se reemplazó == por != en la línea 74.)
    - StackArMutated2542 (ConditionalsBoundaryMutator: Se reemplazó > por >= en la línea 91.)
    - StackArMutated1652 (TrueConditionalsMutator: Se reemplazó !java.util.Arrays.equals(elems, other.elems) por true en la línea 79.)
    - StackArMutated9059 (MathMutator: Se reemplazó * por / en la línea 66.)
    - StackArMutated4094 (MathMutator: Se reemplazó + por - en la línea 25.)
    - StackArMutated5260 (IncrementsMutator: Se reemplazó ++ por -- en la línea 90.)
    - StackArMutated9780 (FalseConditionalsMutator: Se reemplazó isEmpty() por false en la línea 54.)
    - StackArMutated7908 (TrueReturnsMutator: Se reemplazó false por true en la línea 80.)
    - StackArMutated6818 (NegateConditionsMutator: Se reemplazó != por == en la línea 76.)
    - StackArMutated7307 (MinusOneConstantMutator: Se reemplazó 0 por -1 en la línea 29.)
    - StackArMutated1844 (OneConstantMutator: Se reemplazó 10 por 1 en la línea 7.)
    - StackArMutated7866 (ZeroConstantMutator: Se reemplazó 31 por 0 en la línea 63.)
    - StackArMutated1442 (OneConstantMutator: Se reemplazó 0 por 1 en la línea 18.)
    - StackArMutated7663 (FalseConditionalsMutator: Se reemplazó i > 0 por false en la línea 91.)
    - StackArMutated1003 (EmptyReturnsMutator: Se reemplazó result por 0 en la línea 67.)
    - StackArMutated1088 (ZeroConstantMutator: Se reemplazó 1 por 0 en la línea 25.)
    - StackArMutated4870 (NegateConditionsMutator: Se reemplazó == por != en la línea 29.)
    - StackArMutated2573 (MinusOneConstantMutator: Se reemplazó 10 por -1 en la línea 7.)
    - StackArMutated8037 (TrueReturnsMutator: Se reemplazó false por true en la línea 82.)
    - StackArMutated7592 (TrueConditionalsMutator: Se reemplazó isFull() por true en la línea 37.)
    - StackArMutated3591 (FalseConditionalsMutator: Se reemplazó !java.util.Arrays.equals(elems, other.elems) por false en la línea 79.)
    - StackArMutated242 (TrueReturnsMutator: Se reemplazó false por true en la línea 75.)
    - StackArMutated2569 (ZeroConstantMutator: Se reemplazó 10 por 0 en la línea 7.)
    - StackArMutated4903 (ConditionalsBoundaryMutator: Se reemplazó < por <= en la línea 18.)
    - StackArMutated3217 (NegateConditionsMutator: Se reemplazó == por != en la línea 72.)
    - StackArMutated3415 (OneConstantMutator: Se reemplazó 0 por 1 en la línea 90.)
    - StackArMutated6328 (NegateConditionsMutator: Se reemplazó <= por > en la línea 90.)
    - StackArMutated1437 (TrueReturnsMutator: Se reemplazó false por true en la línea 77.)
    - StackArMutated2769 (IncrementsMutator: Se reemplazó -- por ++ en la línea 49.)
    - StackArMutated4823 (TrueReturnsMutator: Se reemplazó size() == 0 por true en la línea 29.)
    - StackArMutated6209 (NegateConditionsMutator: Se reemplazó != por == en la línea 81.)
    - StackArMutated856 (FalseConditionalsMutator: Se reemplazó readIndex != other.readIndex por false en la línea 81.)
    - StackArMutated4269 (TrueConditionalsMutator: Se reemplazó obj == null por true en la línea 74.)
    - StackArMutated7696 (NegateConditionsMutator: Se reemplazó == por != en la línea 33.)
    - StackArMutated8347 (ZeroConstantMutator: Se reemplazó 1 por 0 en la línea 11.)
    - StackArMutated732 (NegateConditionsMutator: Se reemplazó > por <= en la línea 91.)
    - StackArMutated7533 (TrueConditionalsMutator: Se reemplazó capacity < 0 por true en la línea 18.)
    - StackArMutated8861 (OneConstantMutator: Se reemplazó 0 por 1 en la línea 29.)
    - StackArMutated4067 (NullReturnsMutator: Se reemplazó rv por null en la línea 50.)
    - StackArMutated7378 (FalseReturnsMutator: Se reemplazó size() == 0 por false en la línea 29.)
    - StackArMutated374 (TrueConditionalsMutator: Se reemplazó getClass() != obj.getClass() por true en la línea 76.)
    - StackArMutated1958 (NullReturnsMutator: Se reemplazó rv por null en la línea 58.)
    - StackArMutated2833 (TrueConditionalsMutator: Se reemplazó isEmpty() por true en la línea 45.)
    - StackArMutated2952 (FalseReturnsMutator: Se reemplazó true por false en la línea 83.)
    - StackArMutated7606 (TrueConditionalsMutator: Se reemplazó readIndex != other.readIndex por true en la línea 81.)
    - StackArMutated6039 (TrueConditionalsMutator: Se reemplazó this == obj por true en la línea 72.)
    - StackArMutated5545 (FalseReturnsMutator: Se reemplazó size() == elems.length por false en la línea 33.)
    - StackArMutated947 (FalseConditionalsMutator: Se reemplazó getClass() != obj.getClass() por false en la línea 76.)
    - StackArMutated6711 (MinusOneConstantMutator: Se reemplazó 0 por -1 en la línea 90.)
    - StackArMutated8217 (FalseReturnsMutator: Se reemplazó true por false en la línea 73.)
    - StackArMutated7564 (TrueReturnsMutator: Se reemplazó size() == elems.length por true en la línea 33.)
    - StackArMutated666 (TrueConditionalsMutator: Se reemplazó isEmpty() por true en la línea 54.)
    - StackArMutated2475 (MinusOneConstantMutator: Se reemplazó 0 por -1 en la línea 91.)
    - StackArMutated987 (ConditionalsBoundaryMutator: Se reemplazó <= por < en la línea 90.)
    - StackArMutated6682 (TrueConditionalsMutator: Se reemplazó i > 0 por true en la línea 91.)
    - StackArMutated741 (FalseConditionalsMutator: Se reemplazó obj == null por false en la línea 74.)
-> Mutantes vivos: 21
    - StackArMutated1336 (FalseReturnsMutator: Se reemplazó false por false en la línea 75.)
    - StackArMutated3715 (MathMutator: Se reemplazó + por - en la línea 66.)
    - StackArMutated6420 (OneConstantMutator: Se reemplazó 1 por 1 en la línea 64.)
    - StackArMutated8402 (MathMutator: Se reemplazó + por - en la línea 65.)
    - StackArMutated997 (FalseConditionalsMutator: Se reemplazó this == obj por false en la línea 72.)
    - StackArMutated9980 (OneConstantMutator: Se reemplazó 1 por 1 en la línea 25.)
    - StackArMutated8315 (FalseReturnsMutator: Se reemplazó false por false en la línea 82.)
    - StackArMutated6254 (ZeroConstantMutator: Se reemplazó 0 por 0 en la línea 29.)
    - StackArMutated9202 (ZeroConstantMutator: Se reemplazó 1 por 0 en la línea 64.)
    - StackArMutated9005 (ZeroConstantMutator: Se reemplazó 0 por 0 en la línea 90.)
    - StackArMutated485 (MathMutator: Se reemplazó * por / en la línea 65.)
    - StackArMutated563 (FalseReturnsMutator: Se reemplazó false por false en la línea 80.)
    - StackArMutated9918 (ZeroConstantMutator: Se reemplazó 0 por 0 en la línea 91.)
    - StackArMutated9998 (OneConstantMutator: Se reemplazó 31 por 1 en la línea 63.)
    - StackArMutated4786 (MinusOneConstantMutator: Se reemplazó 31 por -1 en la línea 63.)
    - StackArMutated4787 (FalseReturnsMutator: Se reemplazó false por false en la línea 77.)
    - StackArMutated7136 (OneConstantMutator: Se reemplazó 1 por 1 en la línea 11.)
    - StackArMutated1545 (TrueReturnsMutator: Se reemplazó true por true en la línea 83.)
    - StackArMutated1225 (TrueReturnsMutator: Se reemplazó true por true en la línea 73.)
    - StackArMutated6314 (FalseConditionalsMutator: Se reemplazó isEmpty() por false en la línea 45.)
    - StackArMutated9500 (ZeroConstantMutator: Se reemplazó 0 por 0 en la línea 18.)
-> Mutation score: 75%
]]></system-out>
  <system-err><![CDATA[[Test worker] INFO org.reflections.Reflections - Reflections took 248 ms to scan 1 urls, producing 1 keys and 85 values
]]></system-err>
</testsuite>
